#
# An unexpected error has been detected by HotSpot Virtual Machine:
#
#  SIGSEGV (0xb) at pc=0x0000000000000000, pid=13051, tid=47887849675296
#
# Java VM: Java HotSpot(TM) 64-Bit Server VM (1.5.0_12-b04 mixed mode)
# Problematic frame:
# C  0x0000000000000000
#

---------------  T H R E A D  ---------------

Current thread (0x00000000536f87e0):  JavaThread "main" [_thread_in_native, id=13051]

siginfo:si_signo=11, si_errno=0, si_code=1, si_addr=0x0000000000000000

Registers:
RAX=0x00000036c6f36d20, RBX=0x00002b8e1cae01a8, RCX=0x00002b8e1cae04e0, RDX=0x0000000000000000
RSP=0x00007fffcc5f9e38, RBP=0x0000000000000000, RSI=0x0000000000000010, RDI=0x00000036c65cc800
R8 =0x0000000000000000, R9 =0x00000000000032fb, R10=0x0000000000000000, R11=0x0000000000000000
R12=0x00002b8e1cd0ed58, R13=0x00000036c65cc800, R14=0x00000036c6cb1820, R15=0x00002b8e1cae0208
RIP=0x0000000000000000, EFL=0x0000000000010202, CSGSFS=0x0000000000000033, ERR=0x0000000000000014
  TRAPNO=0x000000000000000e

Top of Stack: (sp=0x00007fffcc5f9e38)
0x00007fffcc5f9e38:   00000036c605dcea 0000000000000000
0x00007fffcc5f9e48:   00000036c6ebf260 00002b8e1cae01a8
0x00007fffcc5f9e58:   00002b8e1cd0ed58 00002b8e1cae1c00
0x00007fffcc5f9e68:   00000036c6085f41 00002b8e1cae0208
0x00007fffcc5f9e78:   0000003e3ec73dfe 0000000000000010
0x00007fffcc5f9e88:   0000000000000008 00002b8e1cae0248
0x00007fffcc5f9e98:   0000003e57400f6e 0000000000000001
0x00007fffcc5f9ea8:   00000036c54e9358 00002b8e1cae0140
0x00007fffcc5f9eb8:   00002b8e1cae0248 00007fffcc5f9f18
0x00007fffcc5f9ec8:   41cda00000b7da00 00002b8e1cae0140
0x00007fffcc5f9ed8:   00000036c6ebf280 0000000000000000
0x00007fffcc5f9ee8:   00002b8e1cd0ed58 00002b8e1cae0140
0x00007fffcc5f9ef8:   00000036c6087bcb 00002b8e1cae19c0
0x00007fffcc5f9f08:   00002b8e1cae0488 00002b8e1cae0140
0x00007fffcc5f9f18:   00002b8e1cae1c00 00002b8e1cae0440
0x00007fffcc5f9f28:   0000000000000000 00002b8e1cae0140
0x00007fffcc5f9f38:   00002b8e1cd0ed58 00002b8e1cae3690
0x00007fffcc5f9f48:   0000000000000000 00000000536f87e0
0x00007fffcc5f9f58:   00000036c608833e 00000036c64444ab
0x00007fffcc5f9f68:   000000010000000f 0000000000000000
0x00007fffcc5f9f78:   00000036c60950e2 00002b8e1cae16f0
0x00007fffcc5f9f88:   00000000cc5f9fd0 00002b8e1cae1420
0x00007fffcc5f9f98:   00000036c60974bd 00002b8e1cae1360
0x00007fffcc5f9fa8:   01000036c554ad83 00002b8e1cae0140
0x00007fffcc5f9fb8:   0000000000000000 00002b8e1c0d2ec0
0x00007fffcc5f9fc8:   00000036c60612c6 00002b8e1cae35f8
0x00007fffcc5f9fd8:   0000000500000031 00002b8e1cadff20
0x00007fffcc5f9fe8:   0000000000000000 00000036c65cc4d8
0x00007fffcc5f9ff8:   000000010000000b 00000036c65cc4e4
0x00007fffcc5fa008:   0000000100000016 00002b8e1cae3470
0x00007fffcc5fa018:   01002b8e1c0d2ec0 00002b8dcbc38950
0x00007fffcc5fa028:   00007fffcc5fa0c8 00002b8dc61da520 

Instructions: (pc=0x0000000000000000)
0xfffffffffffffff0:   

Stack: [0x00007fffcc402000,0x00007fffcc602000),  sp=0x00007fffcc5f9e38,  free space=2015k
Java frames: (J=compiled Java code, j=interpreted, Vv=VM code)
j  org.eclipse.swt.internal.mozilla.XPCOM._NS_InitXPCOM2(JJJ)I+0
j  org.eclipse.swt.internal.mozilla.XPCOM.NS_InitXPCOM2(JJJ)I+11
j  org.eclipse.swt.browser.Mozilla.initXPCOM(Ljava/lang/String;Z)V+323
j  org.eclipse.swt.browser.Mozilla.create(Lorg/eclipse/swt/widgets/Composite;I)V+186
j  org.eclipse.swt.browser.Browser.<init>(Lorg/eclipse/swt/widgets/Composite;I)V+76
j  org.eclipse.ui.internal.intro.impl.presentations.BrowserIntroPartImplementation.createPartControl(Lorg/eclipse/swt/widgets/Composite;)V+19
j  org.eclipse.ui.internal.intro.impl.model.IntroPartPresentation.createPartControl(Lorg/eclipse/swt/widgets/Composite;)V+74
j  org.eclipse.ui.intro.config.CustomizableIntroPart.createPartControl(Lorg/eclipse/swt/widgets/Composite;)V+64
j  org.eclipse.ui.internal.ViewIntroAdapterPart.createPartControl(Lorg/eclipse/swt/widgets/Composite;)V+9
j  org.eclipse.ui.internal.ViewReference.createPartHelper()Lorg/eclipse/ui/IWorkbenchPart;+406
j  org.eclipse.ui.internal.ViewReference.createPart()Lorg/eclipse/ui/IWorkbenchPart;+5
j  org.eclipse.ui.internal.WorkbenchPartReference.getPart(Z)Lorg/eclipse/ui/IWorkbenchPart;+65
j  org.eclipse.ui.internal.Perspective.showView(Ljava/lang/String;Ljava/lang/String;)Lorg/eclipse/ui/IViewPart;+16
j  org.eclipse.ui.internal.WorkbenchPage.busyShowView(Ljava/lang/String;Ljava/lang/String;I)Lorg/eclipse/ui/IViewPart;+59
j  org.eclipse.ui.internal.WorkbenchPage$20.run()V+21
j  org.eclipse.swt.custom.BusyIndicator.showWhile(Lorg/eclipse/swt/widgets/Display;Ljava/lang/Runnable;)V+116
j  org.eclipse.ui.internal.WorkbenchPage.showView(Ljava/lang/String;Ljava/lang/String;I)Lorg/eclipse/ui/IViewPart;+72
j  org.eclipse.ui.internal.WorkbenchPage.showView(Ljava/lang/String;)Lorg/eclipse/ui/IViewPart;+4
j  org.eclipse.ui.internal.WorkbenchIntroManager.createIntro(Lorg/eclipse/ui/IWorkbenchWindow;)V+26
j  org.eclipse.ui.internal.WorkbenchIntroManager.showIntro(Lorg/eclipse/ui/IWorkbenchWindow;Z)Lorg/eclipse/ui/intro/IIntroPart;+29
j  org.eclipse.ui.application.WorkbenchWindowAdvisor.openIntro()V+127
j  org.eclipse.ui.internal.WorkbenchWindow.open()I+20
j  org.eclipse.ui.internal.Workbench$24.runWithException()V+4
j  org.eclipse.ui.internal.StartupThreading$StartupRunnable.run()V+1
j  org.eclipse.swt.widgets.RunnableLock.run()V+11
j  org.eclipse.swt.widgets.Synchronizer.runAsyncMessages(Z)Z+29
j  org.eclipse.swt.widgets.Display.runAsyncMessages(Z)Z+5
j  org.eclipse.swt.widgets.Display.readAndDispatch()Z+61
j  org.eclipse.ui.application.WorkbenchAdvisor.openWindows()Z+44
j  org.eclipse.ui.internal.Workbench$33.runWithException()V+27
j  org.eclipse.ui.internal.StartupThreading$StartupRunnable.run()V+1
j  org.eclipse.swt.widgets.Synchronizer.syncExec(Ljava/lang/Runnable;)V+121
j  org.eclipse.ui.internal.UISynchronizer.syncExec(Ljava/lang/Runnable;)V+91
j  org.eclipse.swt.widgets.Display.syncExec(Ljava/lang/Runnable;)V+108
j  org.eclipse.ui.internal.StartupThreading.runWithoutExceptions(Lorg/eclipse/ui/internal/StartupThreading$StartupRunnable;)V+7
j  org.eclipse.ui.internal.Workbench.init()Z+240
j  org.eclipse.ui.internal.Workbench.runUI()I+409
j  org.eclipse.ui.internal.Workbench.access$4(Lorg/eclipse/ui/internal/Workbench;)I+1
j  org.eclipse.ui.internal.Workbench$7.run()V+55
j  org.eclipse.core.databinding.observable.Realm.runWithDefault(Lorg/eclipse/core/databinding/observable/Realm;Ljava/lang/Runnable;)V+12
j  org.eclipse.ui.internal.Workbench.createAndRunWorkbench(Lorg/eclipse/swt/widgets/Display;Lorg/eclipse/ui/application/WorkbenchAdvisor;)I+18
j  org.eclipse.ui.PlatformUI.createAndRunWorkbench(Lorg/eclipse/swt/widgets/Display;Lorg/eclipse/ui/application/WorkbenchAdvisor;)I+2
j  com.autoesl.autopilot.ui.platform.Application.start(Lorg/eclipse/equinox/app/IApplicationContext;)Ljava/lang/Object;+201
j  org.eclipse.equinox.internal.app.EclipseAppHandle.run(Ljava/lang/Object;)Ljava/lang/Object;+135
j  org.eclipse.core.runtime.internal.adaptor.EclipseAppLauncher.runApplication(Ljava/lang/Object;)Ljava/lang/Object;+103
j  org.eclipse.core.runtime.internal.adaptor.EclipseAppLauncher.start(Ljava/lang/Object;)Ljava/lang/Object;+29
j  org.eclipse.core.runtime.adaptor.EclipseStarter.run(Ljava/lang/Object;)Ljava/lang/Object;+149
j  org.eclipse.core.runtime.adaptor.EclipseStarter.run([Ljava/lang/String;Ljava/lang/Runnable;)Ljava/lang/Object;+183
v  ~StubRoutines::call_stub
j  sun.reflect.NativeMethodAccessorImpl.invoke0(Ljava/lang/reflect/Method;Ljava/lang/Object;[Ljava/lang/Object;)Ljava/lang/Object;+0
j  sun.reflect.NativeMethodAccessorImpl.invoke(Ljava/lang/Object;[Ljava/lang/Object;)Ljava/lang/Object;+87
j  sun.reflect.DelegatingMethodAccessorImpl.invoke(Ljava/lang/Object;[Ljava/lang/Object;)Ljava/lang/Object;+6
j  java.lang.reflect.Method.invoke(Ljava/lang/Object;[Ljava/lang/Object;)Ljava/lang/Object;+111
j  org.eclipse.equinox.launcher.Main.invokeFramework([Ljava/lang/String;[Ljava/net/URL;)V+211
j  org.eclipse.equinox.launcher.Main.basicRun([Ljava/lang/String;)V+126
j  org.eclipse.equinox.launcher.Main.run([Ljava/lang/String;)I+4
j  org.eclipse.equinox.launcher.Main.main([Ljava/lang/String;)V+10
v  ~StubRoutines::call_stub

---------------  P R O C E S S  ---------------

Java Threads: ( => current thread )
  0x00002b8e1cae9530 JavaThread "Thread-3" [_thread_blocked, id=13084]
  0x0000000053c4a6b0 JavaThread "process reaper" daemon [_thread_in_native, id=13081]
  0x00000000544a6620 JavaThread "Worker-1" [_thread_blocked, id=13078]
  0x0000000053f9f9f0 JavaThread "Worker-0" [_thread_blocked, id=13076]
  0x00002b8e1d0aeb40 JavaThread "Worker-JM" [_thread_blocked, id=13075]
  0x000000005430f570 JavaThread "Bundle File Closer" daemon [_thread_blocked, id=13073]
  0x0000000053d3fe20 JavaThread "Start Level Event Dispatcher" daemon [_thread_blocked, id=13072]
  0x0000000053aa2b20 JavaThread "Framework Event Dispatcher" daemon [_thread_blocked, id=13071]
  0x0000000053d44710 JavaThread "State Saver" [_thread_blocked, id=13070]
  0x00000000538c80c0 JavaThread "Framework Active Thread" [_thread_blocked, id=13069]
  0x00002b8e1c018260 JavaThread "Low Memory Detector" daemon [_thread_blocked, id=13067]
  0x00002b8e1c016770 JavaThread "CompilerThread1" daemon [_thread_blocked, id=13066]
  0x00002b8e1c015340 JavaThread "CompilerThread0" daemon [_thread_blocked, id=13065]
  0x00002b8e1c013ec0 JavaThread "AdapterThread" daemon [_thread_blocked, id=13064]
  0x00002b8e1c012b10 JavaThread "Signal Dispatcher" daemon [_thread_blocked, id=13063]
  0x00002b8e1c0008c0 JavaThread "Finalizer" daemon [_thread_blocked, id=13062]
  0x000000005382de90 JavaThread "Reference Handler" daemon [_thread_blocked, id=13061]
=>0x00000000536f87e0 JavaThread "main" [_thread_in_native, id=13051]

Other Threads:
  0x0000000053826b00 VMThread [id=13060]
  0x00002b8e1c01acd0 WatcherThread [id=13068]

VM state:not at safepoint (normal execution)

VM Mutex/Monitor currently owned by a thread: None

Heap
 PSYoungGen      total 152896K, used 26239K [0x00002b8e03d40000, 0x00002b8e0e7e0000, 0x00002b8e19290000)
  eden space 131072K, 4% used [0x00002b8e03d40000,0x00002b8e04346060,0x00002b8e0bd40000)
  from space 21824K, 91% used [0x00002b8e0d290000,0x00002b8e0e629d68,0x00002b8e0e7e0000)
  to   space 21824K, 0% used [0x00002b8e0bd40000,0x00002b8e0bd40000,0x00002b8e0d290000)
 PSOldGen        total 349568K, used 0K [0x00002b8dd9290000, 0x00002b8dee7f0000, 0x00002b8e03d40000)
  object space 349568K, 0% used [0x00002b8dd9290000,0x00002b8dd9290000,0x00002b8dee7f0000)
 PSPermGen       total 131072K, used 42824K [0x00002b8dc9290000, 0x00002b8dd1290000, 0x00002b8dd9290000)
  object space 131072K, 32% used [0x00002b8dc9290000,0x00002b8dcbc622f0,0x00002b8dd1290000)

Dynamic libraries:
40000000-4000e000 r-xp 00000000 00:1a 7115248                            /opt/xilinx/Vivado_HLS/2012.3/Linux_x86_64/tools/jre/bin/java
4010d000-40110000 rwxp 0000d000 00:1a 7115248                            /opt/xilinx/Vivado_HLS/2012.3/Linux_x86_64/tools/jre/bin/java
536f2000-55399000 rwxp 536f2000 00:00 0                                  [heap]
35ef600000-35ef608000 r-xp 00000000 fd:00 9581014                        /usr/lib64/libkrb5support.so.0.1
35ef608000-35ef807000 ---p 00008000 fd:00 9581014                        /usr/lib64/libkrb5support.so.0.1
35ef807000-35ef808000 rwxp 00007000 fd:00 9581014                        /usr/lib64/libkrb5support.so.0.1
35efa00000-35efa24000 r-xp 00000000 fd:00 9591054                        /usr/lib64/libk5crypto.so.3.1
35efa24000-35efc23000 ---p 00024000 fd:00 9591054                        /usr/lib64/libk5crypto.so.3.1
35efc23000-35efc25000 rwxp 00023000 fd:00 9591054                        /usr/lib64/libk5crypto.so.3.1
35efe00000-35efe91000 r-xp 00000000 fd:00 9591073                        /usr/lib64/libkrb5.so.3.3
35efe91000-35f0091000 ---p 00091000 fd:00 9591073                        /usr/lib64/libkrb5.so.3.3
35f0091000-35f0095000 rwxp 00091000 fd:00 9591073                        /usr/lib64/libkrb5.so.3.3
35f0200000-35f022c000 r-xp 00000000 fd:00 9591145                        /usr/lib64/libgssapi_krb5.so.2.2
35f022c000-35f042c000 ---p 0002c000 fd:00 9591145                        /usr/lib64/libgssapi_krb5.so.2.2
35f042c000-35f042e000 rwxp 0002c000 fd:00 9591145                        /usr/lib64/libgssapi_krb5.so.2.2
36c3a00000-36c3a24000 r-xp 00000000 fd:00 9582640                        /usr/lib64/libnssutil3.so
36c3a24000-36c3c23000 ---p 00024000 fd:00 9582640                        /usr/lib64/libnssutil3.so
36c3c23000-36c3c2a000 rwxp 00023000 fd:00 9582640                        /usr/lib64/libnssutil3.so
36c3e00000-36c3f2b000 r-xp 00000000 fd:00 9592165                        /usr/lib64/libnss3.so
36c3f2b000-36c412b000 ---p 0012b000 fd:00 9592165                        /usr/lib64/libnss3.so
36c412b000-36c4132000 rwxp 0012b000 fd:00 9592165                        /usr/lib64/libnss3.so
36c4132000-36c4133000 rwxp 36c4132000 00:00 0 
36c4200000-36c4239000 r-xp 00000000 fd:00 9569796                        /usr/lib64/libssl3.so
36c4239000-36c4438000 ---p 00039000 fd:00 9569796                        /usr/lib64/libssl3.so
36c4438000-36c443c000 rwxp 00038000 fd:00 9569796                        /usr/lib64/libssl3.so
36c4600000-36c4626000 r-xp 00000000 fd:00 9592097                        /usr/lib64/libsmime3.so
36c4626000-36c4826000 ---p 00026000 fd:00 9592097                        /usr/lib64/libsmime3.so
36c4826000-36c482a000 rwxp 00026000 fd:00 9592097                        /usr/lib64/libsmime3.so
36c4a00000-36c4a04000 r-xp 00000000 fd:00 10289454                       /usr/lib64/xulrunner/libxpcom.so
36c4a04000-36c4c03000 ---p 00004000 fd:00 10289454                       /usr/lib64/xulrunner/libxpcom.so
36c4c03000-36c4c04000 rwxp 00003000 fd:00 10289454                       /usr/lib64/xulrunner/libxpcom.so
36c4e00000-36c4ed9000 r-xp 00000000 fd:00 10289451                       /usr/lib64/xulrunner/libxul.so
36c4ed9000-36c54b8000 ---p 000d9000 fd:00 10289451                       /usr/lib64/xulrunner/libxul.so
36c54b8000-36c6a79000 r-xp 000d8000 fd:00 10289451                       /usr/lib64/xulrunner/libxul.so
36c6a79000-36c6c79000 ---p 01c79000 fd:00 10289451                       /usr/lib64/xulrunner/libxul.so
36c6c79000-36c6f4c000 rwxp 01699000 fd:00 10289451                       /usr/lib64/xulrunner/libxul.so
36c6f4c000-36c6fae000 rwxp 36c6f4c000 00:00 0 
376ea00000-376eb34000 r-xp 00000000 fd:00 9573394                        /usr/lib64/libxml2.so.2.6.26
376eb34000-376ed34000 ---p 00134000 fd:00 9573394                        /usr/lib64/libxml2.so.2.6.26
376ed34000-376ed3d000 rwxp 00134000 fd:00 9573394                        /usr/lib64/libxml2.so.2.6.26
376ed3d000-376ed3e000 rwxp 376ed3d000 00:00 0 
376ee00000-376ee72000 r-xp 00000000 fd:00 9573547                        /usr/lib64/libgnomevfs-2.so.0.1600.2
376ee72000-376f072000 ---p 00072000 fd:00 9573547                        /usr/lib64/libgnomevfs-2.so.0.1600.2
376f072000-376f077000 rwxp 00072000 fd:00 9573547                        /usr/lib64/libgnomevfs-2.so.0.1600.2
376f600000-376f616000 r-xp 00000000 fd:00 9584778                        /usr/lib64/libgnome-2.so.0.1600.0
376f616000-376f815000 ---p 00016000 fd:00 9584778                        /usr/lib64/libgnome-2.so.0.1600.0
376f815000-376f817000 rwxp 00015000 fd:00 9584778                        /usr/lib64/libgnome-2.so.0.1600.0
376fe00000-376fe68000 r-xp 00000000 fd:00 9573360                        /usr/lib64/libbonoboui-2.so.0.0.0
376fe68000-3770068000 ---p 00068000 fd:00 9573360                        /usr/lib64/libbonoboui-2.so.0.0.0
3770068000-377006d000 rwxp 00068000 fd:00 9573360                        /usr/lib64/libbonoboui-2.so.0.0.0
3770200000-3770293000 r-xp 00000000 fd:00 9591416                        /usr/lib64/libgnomeui-2.so.0.1600.0
3770293000-3770493000 ---p 00093000 fd:00 9591416                        /usr/lib64/libgnomeui-2.so.0.1600.0
3770493000-3770499000 rwxp 00093000 fd:00 9591416                        /usr/lib64/libgnomeui-2.so.0.1600.0
3c08e00000-3c08f2d000 r-xp 00000000 fd:00 5832822                        /lib64/libcrypto.so.0.9.8e
3c08f2d000-3c0912c000 ---p 0012d000 fd:00 5832822                        /lib64/libcrypto.so.0.9.8e
3c0912c000-3c0914d000 rwxp 0012c000 fd:00 5832822                        /lib64/libcrypto.so.0.9.8e
3c0914d000-3c09151000 rwxp 3c0914d000 00:00 0 
3c09200000-3c09248000 r-xp 00000000 fd:00 5833108                        /lib64/libssl.so.0.9.8e
3c09248000-3c09448000 ---p 00048000 fd:00 5833108                        /lib64/libssl.so.0.9.8e
3c09448000-3c0944e000 rwxp 00048000 fd:00 5833108                        /lib64/libssl.so.0.9.8e
3e3e800000-3e3e81c000 r-xp 00000000 fd:00 5832729                        /lib64/ld-2.5.so
3e3ea1c000-3e3ea1d000 r-xp 0001c000 fd:00 5832729                        /lib64/ld-2.5.so
3e3ea1d000-3e3ea1e000 rwxp 0001d000 fd:00 5832729                        /lib64/ld-2.5.so
3e3ec00000-3e3ed4f000 r-xp 00000000 fd:00 5832876                        /lib64/libc-2.5.so
3e3ed4f000-3e3ef4f000 ---p 0014f000 fd:00 5832876                        /lib64/libc-2.5.so
3e3ef4f000-3e3ef53000 r-xp 0014f000 fd:00 5832876                        /lib64/libc-2.5.so
3e3ef53000-3e3ef54000 rwxp 00153000 fd:00 5832876                        /lib64/libc-2.5.so
3e3ef54000-3e3ef59000 rwxp 3e3ef54000 00:00 0 
3e3f000000-3e3f082000 r-xp 00000000 fd:00 5832979                        /lib64/libm-2.5.so
3e3f082000-3e3f281000 ---p 00082000 fd:00 5832979                        /lib64/libm-2.5.so
3e3f281000-3e3f282000 r-xp 00081000 fd:00 5832979                        /lib64/libm-2.5.so
3e3f282000-3e3f283000 rwxp 00082000 fd:00 5832979                        /lib64/libm-2.5.so
3e3f400000-3e3f402000 r-xp 00000000 fd:00 5832974                        /lib64/libdl-2.5.so
3e3f402000-3e3f602000 ---p 00002000 fd:00 5832974                        /lib64/libdl-2.5.so
3e3f602000-3e3f603000 r-xp 00002000 fd:00 5832974                        /lib64/libdl-2.5.so
3e3f603000-3e3f604000 rwxp 00003000 fd:00 5832974                        /lib64/libdl-2.5.so
3e3fc00000-3e3fc16000 r-xp 00000000 fd:00 5832953                        /lib64/libpthread-2.5.so
3e3fc16000-3e3fe16000 ---p 00016000 fd:00 5832953                        /lib64/libpthread-2.5.so
3e3fe16000-3e3fe17000 r-xp 00016000 fd:00 5832953                        /lib64/libpthread-2.5.so
3e3fe17000-3e3fe18000 rwxp 00017000 fd:00 5832953                        /lib64/libpthread-2.5.so
3e3fe18000-3e3fe1c000 rwxp 3e3fe18000 00:00 0 
3e40000000-3e40007000 r-xp 00000000 fd:00 5832956                        /lib64/librt-2.5.so
3e40007000-3e40207000 ---p 00007000 fd:00 5832956                        /lib64/librt-2.5.so
3e40207000-3e40208000 r-xp 00007000 fd:00 5832956                        /lib64/librt-2.5.so
3e40208000-3e40209000 rwxp 00008000 fd:00 5832956                        /lib64/librt-2.5.so
3e40400000-3e40505000 r-xp 00000000 fd:00 9578476                        /usr/lib64/libX11.so.6.2.0
3e40505000-3e40705000 ---p 00105000 fd:00 9578476                        /usr/lib64/libX11.so.6.2.0
3e40705000-3e4070c000 rwxp 00105000 fd:00 9578476                        /usr/lib64/libX11.so.6.2.0
3e40800000-3e40805000 r-xp 00000000 fd:00 9580932                        /usr/lib64/libXdmcp.so.6.0.0
3e40805000-3e40a04000 ---p 00005000 fd:00 9580932                        /usr/lib64/libXdmcp.so.6.0.0
3e40a04000-3e40a05000 rwxp 00004000 fd:00 9580932                        /usr/lib64/libXdmcp.so.6.0.0
3e40c00000-3e40c02000 r-xp 00000000 fd:00 9590795                        /usr/lib64/libXau.so.6.0.0
3e40c02000-3e40e01000 ---p 00002000 fd:00 9590795                        /usr/lib64/libXau.so.6.0.0
3e40e01000-3e40e02000 rwxp 00001000 fd:00 9590795                        /usr/lib64/libXau.so.6.0.0
3e41000000-3e4109d000 r-xp 00000000 fd:00 5832960                        /lib64/libglib-2.0.so.0.1200.3
3e4109d000-3e4129c000 ---p 0009d000 fd:00 5832960                        /lib64/libglib-2.0.so.0.1200.3
3e4129c000-3e4129e000 rwxp 0009c000 fd:00 5832960                        /lib64/libglib-2.0.so.0.1200.3
3e41400000-3e4143e000 r-xp 00000000 fd:00 5832966                        /lib64/libgobject-2.0.so.0.1200.3
3e4143e000-3e4163e000 ---p 0003e000 fd:00 5832966                        /lib64/libgobject-2.0.so.0.1200.3
3e4163e000-3e41640000 rwxp 0003e000 fd:00 5832966                        /lib64/libgobject-2.0.so.0.1200.3
3e41800000-3e41810000 r-xp 00000000 fd:00 7798786                        /usr/lib64/libXext.so.6.4.0
3e41810000-3e41a10000 ---p 00010000 fd:00 7798786                        /usr/lib64/libXext.so.6.4.0
3e41a10000-3e41a11000 rwxp 00010000 fd:00 7798786                        /usr/lib64/libXext.so.6.4.0
3e42000000-3e42021000 r-xp 00000000 fd:00 5832976                        /lib64/libexpat.so.0.5.0
3e42021000-3e42220000 ---p 00021000 fd:00 5832976                        /lib64/libexpat.so.0.5.0
3e42220000-3e42223000 rwxp 00020000 fd:00 5832976                        /lib64/libexpat.so.0.5.0
3e42400000-3e42403000 r-xp 00000000 fd:00 5832972                        /lib64/libgmodule-2.0.so.0.1200.3
3e42403000-3e42602000 ---p 00003000 fd:00 5832972                        /lib64/libgmodule-2.0.so.0.1200.3
3e42602000-3e42603000 rwxp 00002000 fd:00 5832972                        /lib64/libgmodule-2.0.so.0.1200.3
3e42800000-3e42829000 r-xp 00000000 fd:00 9575350                        /usr/lib64/libfontconfig.so.1.1.0
3e42829000-3e42a29000 ---p 00029000 fd:00 9575350                        /usr/lib64/libfontconfig.so.1.1.0
3e42a29000-3e42a33000 rwxp 00029000 fd:00 9575350                        /usr/lib64/libfontconfig.so.1.1.0
3e42a33000-3e42a34000 rwxp 3e42a33000 00:00 0 
3e42c00000-3e42c23000 r-xp 00000000 fd:00 9584833                        /usr/lib64/libpng12.so.0.10.0
3e42c23000-3e42e23000 ---p 00023000 fd:00 9584833                        /usr/lib64/libpng12.so.0.10.0
3e42e23000-3e42e24000 rwxp 00023000 fd:00 9584833                        /usr/lib64/libpng12.so.0.10.0
3e43000000-3e43009000 r-xp 00000000 fd:00 7798787                        /usr/lib64/libXrender.so.1.3.0
3e43009000-3e43208000 ---p 00009000 fd:00 7798787                        /usr/lib64/libXrender.so.1.3.0
3e43208000-3e43209000 rwxp 00008000 fd:00 7798787                        /usr/lib64/libXrender.so.1.3.0
3e43400000-3e43408000 r-xp 00000000 fd:00 9571482                        /usr/lib64/libXi.so.6.0.0
3e43408000-3e43607000 ---p 00008000 fd:00 9571482                        /usr/lib64/libXi.so.6.0.0
3e43607000-3e43608000 rwxp 00007000 fd:00 9571482                        /usr/lib64/libXi.so.6.0.0
3e43800000-3e43805000 r-xp 00000000 fd:00 9573978                        /usr/lib64/libXtst.so.6.1.0
3e43805000-3e43a05000 ---p 00005000 fd:00 9573978                        /usr/lib64/libXtst.so.6.1.0
3e43a05000-3e43a06000 rwxp 00005000 fd:00 9573978                        /usr/lib64/libXtst.so.6.1.0
3e43c00000-3e43c3b000 r-xp 00000000 fd:00 5833077                        /lib64/libsepol.so.1
3e43c3b000-3e43e3b000 ---p 0003b000 fd:00 5833077                        /lib64/libsepol.so.1
3e43e3b000-3e43e3c000 rwxp 0003b000 fd:00 5833077                        /lib64/libsepol.so.1
3e43e3c000-3e43e46000 rwxp 3e43e3c000 00:00 0 
3e44000000-3e44003000 r-xp 00000000 fd:00 7798788                        /usr/lib64/libXrandr.so.2.0.0
3e44003000-3e44202000 ---p 00003000 fd:00 7798788                        /usr/lib64/libXrandr.so.2.0.0
3e44202000-3e44203000 rwxp 00002000 fd:00 7798788                        /usr/lib64/libXrandr.so.2.0.0
3e44400000-3e44408000 r-xp 00000000 fd:00 9587501                        /usr/lib64/libpangocairo-1.0.so.0.1400.9
3e44408000-3e44608000 ---p 00008000 fd:00 9587501                        /usr/lib64/libpangocairo-1.0.so.0.1400.9
3e44608000-3e44609000 rwxp 00008000 fd:00 9587501                        /usr/lib64/libpangocairo-1.0.so.0.1400.9
3e44800000-3e44802000 r-xp 00000000 fd:00 9588030                        /usr/lib64/libXinerama.so.1.0.0
3e44802000-3e44a01000 ---p 00002000 fd:00 9588030                        /usr/lib64/libXinerama.so.1.0.0
3e44a01000-3e44a02000 rwxp 00001000 fd:00 9588030                        /usr/lib64/libXinerama.so.1.0.0
3e44c00000-3e44f74000 r-xp 00000000 fd:00 9574077                        /usr/lib64/libgtk-x11-2.0.so.0.1000.4
3e44f74000-3e45173000 ---p 00374000 fd:00 9574077                        /usr/lib64/libgtk-x11-2.0.so.0.1000.4
3e45173000-3e4517d000 rwxp 00373000 fd:00 9574077                        /usr/lib64/libgtk-x11-2.0.so.0.1000.4
3e4517d000-3e4517f000 rwxp 3e4517d000 00:00 0 
3e45200000-3e45217000 r-xp 00000000 fd:00 9577297                        /usr/lib64/libgdk_pixbuf-2.0.so.0.1000.4
3e45217000-3e45416000 ---p 00017000 fd:00 9577297                        /usr/lib64/libgdk_pixbuf-2.0.so.0.1000.4
3e45416000-3e45417000 rwxp 00016000 fd:00 9577297                        /usr/lib64/libgdk_pixbuf-2.0.so.0.1000.4
3e45600000-3e45605000 r-xp 00000000 fd:00 9584972                        /usr/lib64/libXfixes.so.3.1.0
3e45605000-3e45804000 ---p 00005000 fd:00 9584972                        /usr/lib64/libXfixes.so.3.1.0
3e45804000-3e45805000 rwxp 00004000 fd:00 9584972                        /usr/lib64/libXfixes.so.3.1.0
3e45a00000-3e45a67000 r-xp 00000000 fd:00 9580302                        /usr/lib64/libcairo.so.2.9.2
3e45a67000-3e45c66000 ---p 00067000 fd:00 9580302                        /usr/lib64/libcairo.so.2.9.2
3e45c66000-3e45c69000 rwxp 00066000 fd:00 9580302                        /usr/lib64/libcairo.so.2.9.2
3e45e00000-3e45e8f000 r-xp 00000000 fd:00 9575505                        /usr/lib64/libgdk-x11-2.0.so.0.1000.4
3e45e8f000-3e4608e000 ---p 0008f000 fd:00 9575505                        /usr/lib64/libgdk-x11-2.0.so.0.1000.4
3e4608e000-3e46093000 rwxp 0008e000 fd:00 9575505                        /usr/lib64/libgdk-x11-2.0.so.0.1000.4
3e46200000-3e4623e000 r-xp 00000000 fd:00 9575775                        /usr/lib64/libpango-1.0.so.0.1400.9
3e4623e000-3e4643d000 ---p 0003e000 fd:00 9575775                        /usr/lib64/libpango-1.0.so.0.1400.9
3e4643d000-3e46440000 rwxp 0003d000 fd:00 9575775                        /usr/lib64/libpango-1.0.so.0.1400.9
3e46600000-3e4661c000 r-xp 00000000 fd:00 9586413                        /usr/lib64/libatk-1.0.so.0.1212.0
3e4661c000-3e4681c000 ---p 0001c000 fd:00 9586413                        /usr/lib64/libatk-1.0.so.0.1212.0
3e4681c000-3e4681f000 rwxp 0001c000 fd:00 9586413                        /usr/lib64/libatk-1.0.so.0.1212.0
3e46a00000-3e46a2d000 r-xp 00000000 fd:00 9588021                        /usr/lib64/libpangoft2-1.0.so.0.1400.9
3e46a2d000-3e46c2d000 ---p 0002d000 fd:00 9588021                        /usr/lib64/libpangoft2-1.0.so.0.1400.9
3e46c2d000-3e46c2e000 rwxp 0002d000 fd:00 9588021                        /usr/lib64/libpangoft2-1.0.so.0.1400.9
3e46e00000-3e46e09000 r-xp 00000000 fd:00 9588547                        /usr/lib64/libXcursor.so.1.0.2
3e46e09000-3e47009000 ---p 00009000 fd:00 9588547                        /usr/lib64/libXcursor.so.1.0.2
3e47009000-3e4700a000 rwxp 00009000 fd:00 9588547                        /usr/lib64/libXcursor.so.1.0.2
3e47a00000-3e47a37000 r-xp 00000000 fd:00 9578604                        /usr/lib64/libnspr4.so
3e47a37000-3e47c36000 ---p 00037000 fd:00 9578604                        /usr/lib64/libnspr4.so
3e47c36000-3e47c39000 rwxp 00036000 fd:00 9578604                        /usr/lib64/libnspr4.so
3e47c39000-3e47c3b000 rwxp 3e47c39000 00:00 0 
3e47e00000-3e47e04000 r-xp 00000000 fd:00 9588549                        /usr/lib64/libplc4.so
3e47e04000-3e48003000 ---p 00004000 fd:00 9588549                        /usr/lib64/libplc4.so
3e48003000-3e48004000 rwxp 00003000 fd:00 9588549                        /usr/lib64/libplc4.so
3e48200000-3e482d6000 r-xp 00000000 fd:00 5832980                        /lib64/libasound.so.2.0.0
3e482d6000-3e484d5000 ---p 000d6000 fd:00 5832980                        /lib64/libasound.so.2.0.0
3e484d5000-3e484dd000 rwxp 000d5000 fd:00 5832980                        /lib64/libasound.so.2.0.0
3e48a00000-3e48a15000 r-xp 00000000 fd:00 5832935                        /lib64/libnsl-2.5.so
3e48a15000-3e48c14000 ---p 00015000 fd:00 5832935                        /lib64/libnsl-2.5.so
3e48c14000-3e48c15000 r-xp 00014000 fd:00 5832935                        /lib64/libnsl-2.5.so
3e48c15000-3e48c16000 rwxp 00015000 fd:00 5832935                        /lib64/libnsl-2.5.so
3e48c16000-3e48c18000 rwxp 3e48c16000 00:00 0 
3e48e00000-3e48e03000 r-xp 00000000 fd:00 5832920                        /lib64/libcap.so.1.10
3e48e03000-3e49003000 ---p 00003000 fd:00 5832920                        /lib64/libcap.so.1.10
3e49003000-3e49004000 rwxp 00003000 fd:00 5832920                        /lib64/libcap.so.1.10
3e49200000-3e49202000 r-xp 00000000 fd:00 5832992                        /lib64/libkeyutils-1.2.so
3e49202000-3e49401000 ---p 00002000 fd:00 5832992                        /lib64/libkeyutils-1.2.so
3e49401000-3e49402000 rwxp 00001000 fd:00 5832992                        /lib64/libkeyutils-1.2.so
3e49600000-3e49611000 r-xp 00000000 fd:00 5833076                        /lib64/libresolv-2.5.so
3e49611000-3e49811000 ---p 00011000 fd:00 5833076                        /lib64/libresolv-2.5.so
3e49811000-3e49812000 r-xp 00011000 fd:00 5833076                        /lib64/libresolv-2.5.so
3e49812000-3e49813000 rwxp 00012000 fd:00 5833076                        /lib64/libresolv-2.5.so
3e49813000-3e49815000 rwxp 3e49813000 00:00 0 
3e49e00000-3e49e03000 r-xp 00000000 fd:00 9588772                        /usr/lib64/libplds4.so
3e49e03000-3e4a002000 ---p 00003000 fd:00 9588772                        /usr/lib64/libplds4.so
3e4a002000-3e4a003000 rwxp 00002000 fd:00 9588772                        /usr/lib64/libplds4.so
3e4a200000-3e4a202000 r-xp 00000000 fd:00 5833079                        /lib64/libcom_err.so.2.1
3e4a202000-3e4a401000 ---p 00002000 fd:00 5833079                        /lib64/libcom_err.so.2.1
3e4a401000-3e4a402000 rwxp 00001000 fd:00 5833079                        /lib64/libcom_err.so.2.1
3e4aa00000-3e4aa07000 r-xp 00000000 fd:00 9586229                        /usr/lib64/libpopt.so.0.0.0
3e4aa07000-3e4ac07000 ---p 00007000 fd:00 9586229                        /usr/lib64/libpopt.so.0.0.0
3e4ac07000-3e4ac08000 rwxp 00007000 fd:00 9586229                        /usr/lib64/libpopt.so.0.0.0
3e4ae00000-3e4ae39000 r-xp 00000000 fd:00 5832942                        /lib64/libdbus-1.so.3.4.0
3e4ae39000-3e4b039000 ---p 00039000 fd:00 5832942                        /lib64/libdbus-1.so.3.4.0
3e4b039000-3e4b03b000 rwxp 00039000 fd:00 5832942                        /lib64/libdbus-1.so.3.4.0
3e4b200000-3e4b217000 r-xp 00000000 fd:00 9573824                        /usr/lib64/libICE.so.6.3.0
3e4b217000-3e4b416000 ---p 00017000 fd:00 9573824                        /usr/lib64/libICE.so.6.3.0
3e4b416000-3e4b418000 rwxp 00016000 fd:00 9573824                        /usr/lib64/libICE.so.6.3.0
3e4b418000-3e4b41b000 rwxp 3e4b418000 00:00 0 
3e4b600000-3e4b621000 r-xp 00000000 fd:00 9570877                        /usr/lib64/libjpeg.so.62.0.0
3e4b621000-3e4b821000 ---p 00021000 fd:00 9570877                        /usr/lib64/libjpeg.so.62.0.0
3e4b821000-3e4b822000 rwxp 00021000 fd:00 9570877                        /usr/lib64/libjpeg.so.62.0.0
3e4ca00000-3e4ca09000 r-xp 00000000 fd:00 9578019                        /usr/lib64/libSM.so.6.0.0
3e4ca09000-3e4cc09000 ---p 00009000 fd:00 9578019                        /usr/lib64/libSM.so.6.0.0
3e4cc09000-3e4cc0a000 rwxp 00009000 fd:00 9578019                        /usr/lib64/libSM.so.6.0.0
3e4da00000-3e4da04000 r-xp 00000000 fd:00 5832905                        /lib64/libgthread-2.0.so.0.1200.3
3e4da04000-3e4dc03000 ---p 00004000 fd:00 5832905                        /lib64/libgthread-2.0.so.0.1200.3
3e4dc03000-3e4dc04000 rwxp 00003000 fd:00 5832905                        /lib64/libgthread-2.0.so.0.1200.3
3e4e200000-3e4e21e000 r-xp 00000000 fd:00 9570292                        /usr/lib64/libdbus-glib-1.so.2.1.0
3e4e21e000-3e4e41e000 ---p 0001e000 fd:00 9570292                        /usr/lib64/libdbus-glib-1.so.2.1.0
3e4e41e000-3e4e420000 rwxp 0001e000 fd:00 9570292                        /usr/lib64/libdbus-glib-1.so.2.1.0
3e4e600000-3e4e65b000 r-xp 00000000 fd:00 9572220                        /usr/lib64/libXt.so.6.0.0
3e4e65b000-3e4e85a000 ---p 0005b000 fd:00 9572220                        /usr/lib64/libXt.so.6.0.0
3e4e85a000-3e4e860000 rwxp 0005a000 fd:00 9572220                        /usr/lib64/libXt.so.6.0.0
3e4e860000-3e4e861000 rwxp 3e4e860000 00:00 0 
3e4ea00000-3e4ea02000 r-xp 00000000 fd:00 5833083                        /lib64/libutil-2.5.so
3e4ea02000-3e4ec01000 ---p 00002000 fd:00 5833083                        /lib64/libutil-2.5.so
3e4ec01000-3e4ec02000 r-xp 00001000 fd:00 5833083                        /lib64/libutil-2.5.so
3e4ec02000-3e4ec03000 rwxp 00002000 fd:00 5833083                        /lib64/libutil-2.5.so
3e4f200000-3e4f25a000 r-xp 00000000 fd:00 9573551                        /usr/lib64/libORBit-2.so.0.1.0
3e4f25a000-3e4f459000 ---p 0005a000 fd:00 9573551                        /usr/lib64/libORBit-2.so.0.1.0
3e4f459000-3e4f46c000 rwxp 00059000 fd:00 9573551                        /usr/lib64/libORBit-2.so.0.1.0
3e4f600000-3e4f637000 r-xp 00000000 fd:00 9580332                        /usr/lib64/libgconf-2.so.4.1.0
3e4f637000-3e4f837000 ---p 00037000 fd:00 9580332                        /usr/lib64/libgconf-2.so.4.1.0
3e4f837000-3e4f83c000 rwxp 00037000 fd:00 9580332                        /usr/lib64/libgconf-2.so.4.1.0
3e4fa00000-3e4fa0b000 r-xp 00000000 fd:00 9591205                        /usr/lib64/libavahi-common.so.3.4.3
3e4fa0b000-3e4fc0a000 ---p 0000b000 fd:00 9591205                        /usr/lib64/libavahi-common.so.3.4.3
3e4fc0a000-3e4fc0b000 rwxp 0000a000 fd:00 9591205                        /usr/lib64/libavahi-common.so.3.4.3
3e4fe00000-3e4fe0f000 r-xp 00000000 fd:00 9591225                        /usr/lib64/libavahi-client.so.3.2.1
3e4fe0f000-3e5000f000 ---p 0000f000 fd:00 9591225                        /usr/lib64/libavahi-client.so.3.2.1
3e5000f000-3e50010000 rwxp 0000f000 fd:00 9591225                        /usr/lib64/libavahi-client.so.3.2.1
3e50200000-3e50202000 r-xp 00000000 fd:00 9591212                        /usr/lib64/libavahi-glib.so.1.0.1
3e50202000-3e50402000 ---p 00002000 fd:00 9591212                        /usr/lib64/libavahi-glib.so.1.0.1
3e50402000-3e50403000 rwxp 00002000 fd:00 9591212                        /usr/lib64/libavahi-glib.so.1.0.1
3e50a00000-3e50a28000 r-xp 00000000 fd:00 9586535                        /usr/lib64/libaudiofile.so.0.0.2
3e50a28000-3e50c27000 ---p 00028000 fd:00 9586535                        /usr/lib64/libaudiofile.so.0.0.2
3e50c27000-3e50c2b000 rwxp 00027000 fd:00 9586535                        /usr/lib64/libaudiofile.so.0.0.2
3e50e00000-3e50e09000 r-xp 00000000 fd:00 9590824                        /usr/lib64/libesd.so.0.2.36
3e50e09000-3e51009000 ---p 00009000 fd:00 9590824                        /usr/lib64/libesd.so.0.2.36
3e51009000-3e5100a000 rwxp 00009000 fd:00 9590824                        /usr/lib64/libesd.so.0.2.36
3e51200000-3e51205000 r-xp 00000000 fd:00 9575372                        /usr/lib64/libORBitCosNaming-2.so.0.1.0
3e51205000-3e51404000 ---p 00005000 fd:00 9575372                        /usr/lib64/libORBitCosNaming-2.so.0.1.0
3e51404000-3e51406000 rwxp 00004000 fd:00 9575372                        /usr/lib64/libORBitCosNaming-2.so.0.1.0
3e51a00000-3e51a17000 r-xp 00000000 fd:00 9575746                        /usr/lib64/libbonobo-activation.so.4.0.0
3e51a17000-3e51c16000 ---p 00017000 fd:00 9575746                        /usr/lib64/libbonobo-activation.so.4.0.0
3e51c16000-3e51c1a000 rwxp 00016000 fd:00 9575746                        /usr/lib64/libbonobo-activation.so.4.0.0
3e51e00000-3e51e63000 r-xp 00000000 fd:00 9592140                        /usr/lib64/libbonobo-2.so.0.0.0
3e51e63000-3e52062000 ---p 00063000 fd:00 9592140                        /usr/lib64/libbonobo-2.so.0.0.0
3e52062000-3e52073000 rwxp 00062000 fd:00 9592140                        /usr/lib64/libbonobo-2.so.0.0.0
3e52200000-3e5222d000 r-xp 00000000 fd:00 9590798                        /usr/lib64/libgnomecanvas-2.so.0.1400.0
3e5222d000-3e5242c000 ---p 0002d000 fd:00 9590798                        /usr/lib64/libgnomecanvas-2.so.0.1400.0
3e5242c000-3e5242e000 rwxp 0002c000 fd:00 9590798                        /usr/lib64/libgnomecanvas-2.so.0.1400.0
3e52600000-3e52617000 r-xp 00000000 fd:00 9587450                        /usr/lib64/libart_lgpl_2.so.2.3.17
3e52617000-3e52816000 ---p 00017000 fd:00 9587450                        /usr/lib64/libart_lgpl_2.so.2.3.17
3e52816000-3e52817000 rwxp 00016000 fd:00 9587450                        /usr/lib64/libart_lgpl_2.so.2.3.17
3e54200000-3e5420c000 r-xp 00000000 fd:00 9591511                        /usr/lib64/libgnome-keyring.so.0.0.1
3e5420c000-3e5440c000 ---p 0000c000 fd:00 9591511                        /usr/lib64/libgnome-keyring.so.0.0.1
3e5440c000-3e5440d000 rwxp 0000c000 fd:00 9591511                        /usr/lib64/libgnome-keyring.so.0.0.1
3e54a00000-3e54a06000 r-xp 00000000 fd:00 10289180                       /usr/lib64/xulrunner/libmozsqlite3.so
3e54a06000-3e54a09000 ---p 00006000 fd:00 10289180                       /usr/lib64/xulrunner/libmozsqlite3.so
3e54a09000-3e54a8b000 r-xp 00006000 fd:00 10289180                       /usr/lib64/xulrunner/libmozsqlite3.so
3e54a8b000-3e54c8b000 ---p 0008b000 fd:00 10289180                       /usr/lib64/xulrunner/libmozsqlite3.so
3e54c8b000-3e54c8f000 rwxp 00088000 fd:00 10289180                       /usr/lib64/xulrunner/libmozsqlite3.so
3e57400000-3e57402000 r-xp 00000000 fd:00 10291061                       /usr/lib64/xulrunner/libmozalloc.so
3e57402000-3e57601000 ---p 00002000 fd:00 10291061                       /usr/lib64/xulrunner/libmozalloc.so
3e57601000-3e57602000 rwxp 00001000 fd:00 10291061                       /usr/lib64/xulrunner/libmozalloc.so
2b8dc242b000-2b8dc242e000 r-xp 2b8dc242b000 00:00 0                      [vdso]
2b8dc242e000-2b8dc2430000 rwxp 2b8dc242e000 00:00 0 
2b8dc244c000-2b8dc244f000 rwxp 2b8dc244c000 00:00 0 
2b8dc244f000-2b8dc2b25000 r-xp 00000000 00:1a 19227777                   /opt/xilinx/Vivado_HLS/2012.3/Linux_x86_64/tools/jre/lib/amd64/server/libjvm.so
2b8dc2b25000-2b8dc2c27000 ---p 006d6000 00:1a 19227777                   /opt/xilinx/Vivado_HLS/2012.3/Linux_x86_64/tools/jre/lib/amd64/server/libjvm.so
2b8dc2c27000-2b8dc2da2000 rwxp 006d8000 00:1a 19227777                   /opt/xilinx/Vivado_HLS/2012.3/Linux_x86_64/tools/jre/lib/amd64/server/libjvm.so
2b8dc2da2000-2b8dc2dd2000 rwxp 2b8dc2da2000 00:00 0 
2b8dc2dd2000-2b8dc2dd3000 r-xp 2b8dc2dd2000 00:00 0 
2b8dc2dd3000-2b8dc2dd4000 rwxp 2b8dc2dd3000 00:00 0 
2b8dc2dd4000-2b8dc2ddb000 r-xp 00000000 00:1a 5106498                    /opt/xilinx/Vivado_HLS/2012.3/Linux_x86_64/tools/jre/lib/amd64/native_threads/libhpi.so
2b8dc2ddb000-2b8dc2edc000 ---p 00007000 00:1a 5106498                    /opt/xilinx/Vivado_HLS/2012.3/Linux_x86_64/tools/jre/lib/amd64/native_threads/libhpi.so
2b8dc2edc000-2b8dc2edf000 rwxp 00008000 00:1a 5106498                    /opt/xilinx/Vivado_HLS/2012.3/Linux_x86_64/tools/jre/lib/amd64/native_threads/libhpi.so
2b8dc2edf000-2b8dc2ee7000 rwxs 00000000 fd:00 2818429                    /tmp/hsperfdata_amc379/13051
2b8dc2efb000-2b8dc2f05000 r-xp 00000000 fd:00 5832877                    /lib64/libnss_files-2.5.so
2b8dc2f05000-2b8dc3104000 ---p 0000a000 fd:00 5832877                    /lib64/libnss_files-2.5.so
2b8dc3104000-2b8dc3105000 r-xp 00009000 fd:00 5832877                    /lib64/libnss_files-2.5.so
2b8dc3105000-2b8dc3106000 rwxp 0000a000 fd:00 5832877                    /lib64/libnss_files-2.5.so
2b8dc3106000-2b8dc310a000 r-xp 00000000 fd:00 5832769                    /lib64/libnss_sss.so.2
2b8dc310a000-2b8dc330a000 ---p 00004000 fd:00 5832769                    /lib64/libnss_sss.so.2
2b8dc330a000-2b8dc330b000 rwxp 00004000 fd:00 5832769                    /lib64/libnss_sss.so.2
2b8dc330b000-2b8dc3318000 r-xp 00000000 00:1a 5106493                    /opt/xilinx/Vivado_HLS/2012.3/Linux_x86_64/tools/jre/lib/amd64/libverify.so
2b8dc3318000-2b8dc3417000 ---p 0000d000 00:1a 5106493                    /opt/xilinx/Vivado_HLS/2012.3/Linux_x86_64/tools/jre/lib/amd64/libverify.so
2b8dc3417000-2b8dc341a000 rwxp 0000c000 00:1a 5106493                    /opt/xilinx/Vivado_HLS/2012.3/Linux_x86_64/tools/jre/lib/amd64/libverify.so
2b8dc341a000-2b8dc343e000 r-xp 00000000 00:1a 5106487                    /opt/xilinx/Vivado_HLS/2012.3/Linux_x86_64/tools/jre/lib/amd64/libjava.so
2b8dc343e000-2b8dc353e000 ---p 00024000 00:1a 5106487                    /opt/xilinx/Vivado_HLS/2012.3/Linux_x86_64/tools/jre/lib/amd64/libjava.so
2b8dc353e000-2b8dc3544000 rwxp 00024000 00:1a 5106487                    /opt/xilinx/Vivado_HLS/2012.3/Linux_x86_64/tools/jre/lib/amd64/libjava.so
2b8dc3544000-2b8dc3552000 r-xp 00000000 00:1a 19227785                   /opt/xilinx/Vivado_HLS/2012.3/Linux_x86_64/tools/jre/lib/amd64/libzip.so
2b8dc3552000-2b8dc3654000 ---p 0000e000 00:1a 19227785                   /opt/xilinx/Vivado_HLS/2012.3/Linux_x86_64/tools/jre/lib/amd64/libzip.so
2b8dc3654000-2b8dc3658000 rwxp 00010000 00:1a 19227785                   /opt/xilinx/Vivado_HLS/2012.3/Linux_x86_64/tools/jre/lib/amd64/libzip.so
2b8dc3658000-2b8dc5887000 r-xs 00000000 00:1a 13683455                   /opt/xilinx/Vivado_HLS/2012.3/Linux_x86_64/tools/jre/lib/rt.jar
2b8dc5887000-2b8dc58f0000 rwxp 2b8dc5887000 00:00 0 
2b8dc58f0000-2b8dc5967000 r-xs 00000000 00:1a 13683454                   /opt/xilinx/Vivado_HLS/2012.3/Linux_x86_64/tools/jre/lib/jsse.jar
2b8dc5967000-2b8dc597c000 r-xs 00000000 00:1a 13683470                   /opt/xilinx/Vivado_HLS/2012.3/Linux_x86_64/tools/jre/lib/jce.jar
2b8dc597c000-2b8dc61ce000 r-xs 00000000 00:1a 16680639                   /opt/xilinx/Vivado_HLS/2012.3/Linux_x86_64/tools/jre/lib/charsets.jar
2b8dc61ce000-2b8dc646e000 rwxp 2b8dc61ce000 00:00 0 
2b8dc646e000-2b8dc91ce000 rwxp 2b8dc646e000 00:00 0 
2b8dc91ce000-2b8dc91d9000 rwxp 2b8dc91ce000 00:00 0 
2b8dc91d9000-2b8dc928e000 rwxp 2b8dc91d9000 00:00 0 
2b8dc9290000-2b8dd1290000 rwxp 2b8dc9290000 00:00 0 
2b8dd1290000-2b8dd9290000 rwxp 2b8dd1290000 00:00 0 
2b8dd9290000-2b8dee7f0000 rwxp 2b8dd9290000 00:00 0 
2b8dee7f0000-2b8e03d40000 rwxp 2b8dee7f0000 00:00 0 
2b8e03d40000-2b8e0e7e0000 rwxp 2b8e03d40000 00:00 0 
2b8e0e7e0000-2b8e19290000 rwxp 2b8e0e7e0000 00:00 0 
2b8e19290000-2b8e192d0000 rwxp 2b8e19290000 00:00 0 
2b8e192d0000-2b8e19310000 rwxp 2b8e192d0000 00:00 0 
2b8e19310000-2b8e193bb000 rwxp 2b8e19310000 00:00 0 
2b8e193bb000-2b8e19465000 rwxp 2b8e193bb000 00:00 0 
2b8e19465000-2b8e194bb000 rwxp 2b8e19465000 00:00 0 
2b8e194bb000-2b8e19510000 rwxp 2b8e194bb000 00:00 0 
2b8e19510000-2b8e195bc000 rwxp 2b8e19510000 00:00 0 
2b8e195bc000-2b8e19667000 rwxp 2b8e195bc000 00:00 0 
2b8e19667000-2b8e196a7000 rwxp 2b8e19667000 00:00 0 
2b8e196a7000-2b8e196e7000 rwxp 2b8e196a7000 00:00 0 
2b8e196e7000-2b8e196e8000 ---p 2b8e196e7000 00:00 0 
2b8e196e8000-2b8e197e8000 rwxp 2b8e196e8000 00:00 0 
2b8e197e8000-2b8e197e9000 ---p 2b8e197e8000 00:00 0 
2b8e197e9000-2b8e198e9000 rwxp 2b8e197e9000 00:00 0 
2b8e198e9000-2b8e198ea000 ---p 2b8e198e9000 00:00 0 
2b8e198ea000-2b8e199ea000 rwxp 2b8e198ea000 00:00 0 
2b8e199ea000-2b8e199eb000 ---p 2b8e199ea000 00:00 0 
2b8e199eb000-2b8e19aeb000 rwxp 2b8e199eb000 00:00 0 
2b8e19aeb000-2b8e19aec000 ---p 2b8e19aeb000 00:00 0 
2b8e19aec000-2b8e19bec000 rwxp 2b8e19aec000 00:00 0 
2b8e19bec000-2b8e19bed000 ---p 2b8e19bec000 00:00 0 
2b8e19bed000-2b8e19ced000 rwxp 2b8e19bed000 00:00 0 
2b8e19ced000-2b8e19cee000 ---p 2b8e19ced000 00:00 0 
2b8e19cee000-2b8e19dee000 rwxp 2b8e19cee000 00:00 0 
2b8e19dee000-2b8e19def000 ---p 2b8e19dee000 00:00 0 
2b8e19def000-2b8e19f17000 rwxp 2b8e19def000 00:00 0 
2b8e19f17000-2b8e19f18000 ---p 2b8e19f17000 00:00 0 
2b8e19f18000-2b8e1a018000 rwxp 2b8e19f18000 00:00 0 
2b8e1a018000-2b8e1a01b000 ---p 2b8e1a018000 00:00 0 
2b8e1a01b000-2b8e1a119000 rwxp 2b8e1a01b000 00:00 0 
2b8e1a119000-2b8e1a11c000 ---p 2b8e1a119000 00:00 0 
2b8e1a11c000-2b8e1a21a000 rwxp 2b8e1a11c000 00:00 0 
2b8e1a21a000-2b8e1a226000 r-xp 00000000 00:22 16238797                   /home/student/amc379/.vivado_hls/2012.3/.autopilotConfiguration2/org.eclipse.osgi/bundles/162/1/.cp/libswt-cairo-gtk-3735.so
2b8e1a226000-2b8e1a326000 ---p 0000c000 00:22 16238797                   /home/student/amc379/.vivado_hls/2012.3/.autopilotConfiguration2/org.eclipse.osgi/bundles/162/1/.cp/libswt-cairo-gtk-3735.so
2b8e1a326000-2b8e1a327000 rwxp 0000c000 00:22 16238797                   /home/student/amc379/.vivado_hls/2012.3/.autopilotConfiguration2/org.eclipse.osgi/bundles/162/1/.cp/libswt-cairo-gtk-3735.so
2b8e1a327000-2b8e1a399000 r-xs 00000000 00:1a 11328218                   /opt/xilinx/Vivado_HLS/2012.3/Linux_x86_64/tools/eclipse/plugins/org.eclipse.cdt.make.ui_7.1.0.201106081058.jar
2b8e1a399000-2b8e1a3be000 r-xs 00000000 00:1a 9236443                    /opt/xilinx/Vivado_HLS/2012.3/Linux_x86_64/tools/eclipse/plugins/com.autoesl.autopilot.ui.cdfg_1.0.0.jar
2b8e1a3be000-2b8e1a3e6000 r-xp 00000000 fd:00 10420588                   /usr/share/fonts/liberation/LiberationSans-Bold.ttf
2b8e1a3e6000-2b8e1a3ed000 r-xp 00000000 00:22 16238800                   /home/student/amc379/.vivado_hls/2012.3/.autopilotConfiguration2/org.eclipse.osgi/bundles/162/1/.cp/libswt-xpcominit-gtk-3735.so
2b8e1a3ed000-2b8e1a4ed000 ---p 00007000 00:22 16238800                   /home/student/amc379/.vivado_hls/2012.3/.autopilotConfiguration2/org.eclipse.osgi/bundles/162/1/.cp/libswt-xpcominit-gtk-3735.so
2b8e1a4ed000-2b8e1a4ef000 rwxp 00007000 00:22 16238800                   /home/student/amc379/.vivado_hls/2012.3/.autopilotConfiguration2/org.eclipse.osgi/bundles/162/1/.cp/libswt-xpcominit-gtk-3735.so
2b8e1a4ef000-2b8e1a5d2000 r-xp 00000000 00:1a 3699850                    /opt/xilinx/Vivado_HLS/2012.3/Linux_x86_64/bin/libstdc++.so.6
2b8e1a5d2000-2b8e1a6d1000 ---p 000e3000 00:1a 3699850                    /opt/xilinx/Vivado_HLS/2012.3/Linux_x86_64/bin/libstdc++.so.6
2b8e1a6d1000-2b8e1a6d3000 r-xp 000e2000 00:1a 3699850                    /opt/xilinx/Vivado_HLS/2012.3/Linux_x86_64/bin/libstdc++.so.6
2b8e1a6d3000-2b8e1a6da000 rwxp 000e4000 00:1a 3699850                    /opt/xilinx/Vivado_HLS/2012.3/Linux_x86_64/bin/libstdc++.so.6
2b8e1a6da000-2b8e1a6ec000 rwxp 2b8e1a6da000 00:00 0 
2b8e1a6ec000-2b8e1a6f8000 r-xp 00000000 00:1a 3699856                    /opt/xilinx/Vivado_HLS/2012.3/Linux_x86_64/bin/libgcc_s.so.1
2b8e1a6f8000-2b8e1a7f8000 ---p 0000c000 00:1a 3699856                    /opt/xilinx/Vivado_HLS/2012.3/Linux_x86_64/bin/libgcc_s.so.1
2b8e1a7f8000-2b8e1a7f9000 rwxp 0000c000 00:1a 3699856                    /opt/xilinx/Vivado_HLS/2012.3/Linux_x86_64/bin/libgcc_s.so.1
2b8e1a7f9000-2b8e1a811000 r-xp 00000000 00:22 16238801                   /home/student/amc379/.vivado_hls/2012.3/.autopilotConfiguration2/org.eclipse.osgi/bundles/162/1/.cp/libswt-mozilla-gtk-3735.so
2b8e1a811000-2b8e1a910000 ---p 00018000 00:22 16238801                   /home/student/amc379/.vivado_hls/2012.3/.autopilotConfiguration2/org.eclipse.osgi/bundles/162/1/.cp/libswt-mozilla-gtk-3735.so
2b8e1a910000-2b8e1a911000 rwxp 00017000 00:22 16238801                   /home/student/amc379/.vivado_hls/2012.3/.autopilotConfiguration2/org.eclipse.osgi/bundles/162/1/.cp/libswt-mozilla-gtk-3735.so
2b8e1a911000-2b8e1a913000 r-xp 00000000 fd:00 9669422                    /usr/lib64/gconv/UTF-16.so
2b8e1a913000-2b8e1ab12000 ---p 00002000 fd:00 9669422                    /usr/lib64/gconv/UTF-16.so
2b8e1ab12000-2b8e1ab14000 rwxp 00001000 fd:00 9669422                    /usr/lib64/gconv/UTF-16.so
2b8e1ab14000-2b8e1ab15000 ---p 2b8e1ab14000 00:00 0 
2b8e1ab15000-2b8e1b515000 rwxp 2b8e1ab15000 00:00 0 
2b8e1b515000-2b8e1b516000 ---p 2b8e1b515000 00:00 0 
2b8e1b516000-2b8e1bf16000 rwxp 2b8e1b516000 00:00 0 
2b8e1c000000-2b8e1d1b5000 rwxp 2b8e1c000000 00:00 0 
2b8e1d1b5000-2b8e20000000 ---p 2b8e1d1b5000 00:00 0 
2b8e20000000-2b8e235cd000 r-xp 00000000 fd:00 9588797                    /usr/lib/locale/locale-archive
2b8e235cd000-2b8e235d0000 ---p 2b8e235cd000 00:00 0 
2b8e235d0000-2b8e236ce000 rwxp 2b8e235d0000 00:00 0 
2b8e236ce000-2b8e236d1000 ---p 2b8e236ce000 00:00 0 
2b8e236d1000-2b8e237cf000 rwxp 2b8e236d1000 00:00 0 
2b8e237cf000-2b8e237d2000 ---p 2b8e237cf000 00:00 0 
2b8e237d2000-2b8e238d0000 rwxp 2b8e237d2000 00:00 0 
2b8e238d0000-2b8e238d3000 ---p 2b8e238d0000 00:00 0 
2b8e238d3000-2b8e239d1000 rwxp 2b8e238d3000 00:00 0 
2b8e239d1000-2b8e239d4000 ---p 2b8e239d1000 00:00 0 
2b8e239d4000-2b8e23ad2000 rwxp 2b8e239d4000 00:00 0 
2b8e23ad2000-2b8e23ad3000 ---p 2b8e23ad2000 00:00 0 
2b8e23ad3000-2b8e23bd3000 rwxp 2b8e23ad3000 00:00 0 
2b8e23bd3000-2b8e23bdf000 r-xs 00000000 00:1a 2244364                    /opt/xilinx/Vivado_HLS/2012.3/Linux_x86_64/tools/eclipse/plugins/org.eclipse.equinox.launcher_1.2.0.v20110502.jar
2b8e23bdf000-2b8e23be1000 r-xs 00000000 00:1a 16680641                   /opt/xilinx/Vivado_HLS/2012.3/Linux_x86_64/tools/jre/lib/ext/dnsns.jar
2b8e23be1000-2b8e23c08000 r-xs 00000000 00:1a 16680644                   /opt/xilinx/Vivado_HLS/2012.3/Linux_x86_64/tools/jre/lib/ext/sunjce_provider.jar
2b8e23c08000-2b8e23ccc000 r-xs 00000000 00:1a 16268259                   /opt/xilinx/Vivado_HLS/2012.3/Linux_x86_64/tools/jre/lib/ext/localedata.jar
2b8e23ccc000-2b8e23e19000 r-xs 00000000 00:1a 5808291                    /opt/xilinx/Vivado_HLS/2012.3/Linux_x86_64/tools/eclipse/plugins/org.eclipse.osgi_3.7.0.v20110613.jar
2b8e23e19000-2b8e23e2a000 r-xp 00000000 00:1a 19227782                   /opt/xilinx/Vivado_HLS/2012.3/Linux_x86_64/tools/jre/lib/amd64/libnet.so
2b8e23e2a000-2b8e23f29000 ---p 00011000 00:1a 19227782                   /opt/xilinx/Vivado_HLS/2012.3/Linux_x86_64/tools/jre/lib/amd64/libnet.so
2b8e23f29000-2b8e23f2c000 rwxp 00010000 00:1a 19227782                   /opt/xilinx/Vivado_HLS/2012.3/Linux_x86_64/tools/jre/lib/amd64/libnet.so
2b8e23f2c000-2b8e23f33000 r-xp 00000000 00:1a 19227783                   /opt/xilinx/Vivado_HLS/2012.3/Linux_x86_64/tools/jre/lib/amd64/libnio.so
2b8e23f33000-2b8e24032000 ---p 00007000 00:1a 19227783                   /opt/xilinx/Vivado_HLS/2012.3/Linux_x86_64/tools/jre/lib/amd64/libnio.so
2b8e24032000-2b8e24034000 rwxp 00006000 00:1a 19227783                   /opt/xilinx/Vivado_HLS/2012.3/Linux_x86_64/tools/jre/lib/amd64/libnio.so
2b8e24034000-2b8e24037000 ---p 2b8e24034000 00:00 0 
2b8e24037000-2b8e24135000 rwxp 2b8e24037000 00:00 0 
2b8e2415a000-2b8e2415d000 ---p 2b8e2415a000 00:00 0 
2b8e2415d000-2b8e2425b000 rwxp 2b8e2415d000 00:00 0 
2b8e2425b000-2b8e2425e000 ---p 2b8e2425b000 00:00 0 
2b8e2425e000-2b8e2435c000 rwxp 2b8e2425e000 00:00 0 
2b8e2435c000-2b8e2435f000 ---p 2b8e2435c000 00:00 0 
2b8e2435f000-2b8e2445d000 rwxp 2b8e2435f000 00:00 0 
2b8e2445d000-2b8e24473000 r-xs 00000000 00:1a 2244368                    /opt/xilinx/Vivado_HLS/2012.3/Linux_x86_64/tools/eclipse/plugins/org.eclipse.gmf.runtime.common.ui.services_1.3.1.v20101118-2230.jar
2b8e24473000-2b8e2448e000 r-xs 00000000 00:1a 15757146                   /opt/xilinx/Vivado_HLS/2012.3/Linux_x86_64/tools/eclipse/plugins/org.eclipse.gmf.runtime.common.ui.services.action_1.4.0.v20100430-1518.jar
2b8e2448e000-2b8e2449f000 r-xs 00000000 00:1a 15056785                   /opt/xilinx/Vivado_HLS/2012.3/Linux_x86_64/tools/eclipse/plugins/org.eclipse.gmf.runtime.common.ui.services.properties_1.3.1.v20101221-2230.jar
2b8e2449f000-2b8e244bd000 r-xs 00000000 00:1a 15056786                   /opt/xilinx/Vivado_HLS/2012.3/Linux_x86_64/tools/eclipse/plugins/org.eclipse.gmf.runtime.diagram.core_1.4.1.v20101221-2230.jar
2b8e244bd000-2b8e24512000 r-xs 00000000 00:1a 2244357                    /opt/xilinx/Vivado_HLS/2012.3/Linux_x86_64/tools/eclipse/plugins/org.eclipse.debug.core_3.7.0.v20110518.jar
2b8e2452b000-2b8e2455e000 r-xs 00000000 00:1a 2244370                    /opt/xilinx/Vivado_HLS/2012.3/Linux_x86_64/tools/eclipse/plugins/org.eclipse.gmf.runtime.diagram.ui.actions_1.4.1.v20101221-2230.jar
2b8e2455e000-2b8e24572000 r-xs 00000000 00:1a 15056787                   /opt/xilinx/Vivado_HLS/2012.3/Linux_x86_64/tools/eclipse/plugins/org.eclipse.gmf.runtime.diagram.ui.printing_1.4.1.v20101119-2230.jar
2b8e24572000-2b8e24587000 r-xs 00000000 00:1a 15757147                   /opt/xilinx/Vivado_HLS/2012.3/Linux_x86_64/tools/eclipse/plugins/org.eclipse.gmf.runtime.diagram.ui.printing.render_1.4.1.v20101119-2230.jar
2b8e24587000-2b8e245b9000 r-xs 00000000 00:1a 2244371                    /opt/xilinx/Vivado_HLS/2012.3/Linux_x86_64/tools/eclipse/plugins/org.eclipse.gmf.runtime.diagram.ui.properties_1.4.2.v20101129-2230.jar
2b8e245b9000-2b8e245d8000 r-xs 00000000 00:1a 15757149                   /opt/xilinx/Vivado_HLS/2012.3/Linux_x86_64/tools/eclipse/plugins/org.eclipse.gmf.runtime.diagram.ui.providers_1.5.0.v20110216-2230.jar
2b8e245d8000-2b8e245dd000 r-xs 00000000 00:1a 15757148                   /opt/xilinx/Vivado_HLS/2012.3/Linux_x86_64/tools/eclipse/plugins/org.eclipse.gmf.runtime.diagram.ui.providers.ide_1.2.0.v20090403-1720.jar
2b8e245dd000-2b8e245f7000 r-xs 00000000 00:1a 15056788                   /opt/xilinx/Vivado_HLS/2012.3/Linux_x86_64/tools/eclipse/plugins/org.eclipse.gmf.runtime.diagram.ui.render_1.4.1.v20101119-2230.jar
2b8e245f7000-2b8e24613000 r-xs 00000000 00:1a 2244372                    /opt/xilinx/Vivado_HLS/2012.3/Linux_x86_64/tools/eclipse/plugins/org.eclipse.gmf.runtime.diagram.ui.resources.editor_1.4.1.v20101119-2230.jar
2b8e24613000-2b8e24622000 r-xs 00000000 00:1a 15757150                   /opt/xilinx/Vivado_HLS/2012.3/Linux_x86_64/tools/eclipse/plugins/org.eclipse.gmf.runtime.diagram.ui.resources.editor.ide_1.2.1.v20101119-2230.jar
2b8e2463b000-2b8e24668000 r-xs 00000000 00:1a 2244366                    /opt/xilinx/Vivado_HLS/2012.3/Linux_x86_64/tools/eclipse/plugins/org.eclipse.equinox.registry_3.5.100.v20110502.jar
2b8e24668000-2b8e24672000 r-xs 00000000 00:1a 2244373                    /opt/xilinx/Vivado_HLS/2012.3/Linux_x86_64/tools/eclipse/plugins/org.eclipse.gmf.runtime.draw2d.ui.render_1.4.1.v20101119-2230.jar
2b8e24672000-2b8e2468b000 r-xs 00000000 00:1a 14218219                   /opt/xilinx/Vivado_HLS/2012.3/Linux_x86_64/tools/eclipse/plugins/org.eclipse.gmf.runtime.emf.clipboard.core_1.5.0.v20110529-2230.jar
2b8e2468b000-2b8e24691000 r-xs 00000000 00:1a 14218220                   /opt/xilinx/Vivado_HLS/2012.3/Linux_x86_64/tools/eclipse/plugins/org.eclipse.gmf.runtime.emf.commands.core_1.4.0.v20100423-2359.jar
2b8e24691000-2b8e246aa000 r-xs 00000000 00:1a 14218221                   /opt/xilinx/Vivado_HLS/2012.3/Linux_x86_64/tools/eclipse/plugins/org.eclipse.gmf.runtime.emf.core_1.4.1.v20101222-2230.jar
2b8e246aa000-2b8e246d1000 r-xs 00000000 00:1a 14218222                   /opt/xilinx/Vivado_HLS/2012.3/Linux_x86_64/tools/eclipse/plugins/org.eclipse.gmf.runtime.emf.type.core_1.4.0.v20100423-2359.jar
2b8e246d1000-2b8e246e5000 r-xs 00000000 00:1a 14218223                   /opt/xilinx/Vivado_HLS/2012.3/Linux_x86_64/tools/eclipse/plugins/org.eclipse.gmf.runtime.emf.ui_1.2.0.v20090403-1720.jar
2b8e246e5000-2b8e246f2000 r-xs 00000000 00:1a 2244374                    /opt/xilinx/Vivado_HLS/2012.3/Linux_x86_64/tools/eclipse/plugins/org.eclipse.gmf.runtime.emf.ui.properties_1.5.0.v20101222-2230.jar
2b8e246f2000-2b8e24707000 r-xs 00000000 00:1a 14218224                   /opt/xilinx/Vivado_HLS/2012.3/Linux_x86_64/tools/eclipse/plugins/org.eclipse.gmf.runtime.gef.ui_1.4.1.v20101222-2230.jar
2b8e24707000-2b8e24760000 r-xs 00000000 00:1a 5808286                    /opt/xilinx/Vivado_HLS/2012.3/Linux_x86_64/tools/eclipse/plugins/org.eclipse.gmf.runtime.notation_1.5.0.v20110309-2159.jar
2b8e24760000-2b8e2479f000 r-xs 00000000 00:1a 15757152                   /opt/xilinx/Vivado_HLS/2012.3/Linux_x86_64/tools/eclipse/plugins/org.eclipse.help_3.5.100.v20110426.jar
2b8e2479f000-2b8e248a6000 r-xs 00000000 00:1a 5808288                    /opt/xilinx/Vivado_HLS/2012.3/Linux_x86_64/tools/eclipse/plugins/org.eclipse.jface_3.7.0.I20110522-1430.jar
2b8e248a6000-2b8e248ea000 r-xs 00000000 00:1a 5808287                    /opt/xilinx/Vivado_HLS/2012.3/Linux_x86_64/tools/eclipse/plugins/org.eclipse.jface.databinding_1.5.0.I20100907-0800.jar
2b8e248ea000-2b8e249da000 r-xs 00000000 00:1a 14218225                   /opt/xilinx/Vivado_HLS/2012.3/Linux_x86_64/tools/eclipse/plugins/org.eclipse.jface.text_3.7.0.v20110505-0800.jar
2b8e249da000-2b8e24a29000 r-xs 00000000 00:1a 5808289                    /opt/xilinx/Vivado_HLS/2012.3/Linux_x86_64/tools/eclipse/plugins/org.eclipse.ltk.core.refactoring_3.5.200.v20110505-0800.jar
2b8e24a29000-2b8e24a98000 r-xs 00000000 00:1a 5808290                    /opt/xilinx/Vivado_HLS/2012.3/Linux_x86_64/tools/eclipse/plugins/org.eclipse.ltk.ui.refactoring_3.6.0.v20110505-0800.jar
2b8e24a98000-2b8e24aaa000 r-xs 00000000 00:1a 14218228                   /opt/xilinx/Vivado_HLS/2012.3/Linux_x86_64/tools/eclipse/plugins/org.eclipse.osgi.services_3.3.0.v20110513.jar
2b8e24aaa000-2b8e24b1d000 r-xs 00000000 00:1a 5808292                    /opt/xilinx/Vivado_HLS/2012.3/Linux_x86_64/tools/eclipse/plugins/org.eclipse.search_3.7.0.v20110505-0800.jar
2b8e24b1d000-2b8e24b22000 r-xs 00000000 00:1a 5808293                    /opt/xilinx/Vivado_HLS/2012.3/Linux_x86_64/tools/eclipse/plugins/org.eclipse.swt_3.7.0.v3735b.jar
2b8e24b22000-2b8e24b5f000 r-xs 00000000 00:1a 14218231                   /opt/xilinx/Vivado_HLS/2012.3/Linux_x86_64/tools/eclipse/plugins/org.eclipse.text_3.5.100.v20110505-0800.jar
2b8e24b5f000-2b8e24b85000 r-xs 00000000 00:1a 15757156                   /opt/xilinx/Vivado_HLS/2012.3/Linux_x86_64/tools/eclipse/plugins/org.eclipse.ui_3.7.0.I20110602-0100.jar
2b8e24b85000-2b8e24bad000 r-xs 00000000 00:1a 5808294                    /opt/xilinx/Vivado_HLS/2012.3/Linux_x86_64/tools/eclipse/plugins/org.eclipse.ui.console_3.5.100.v20110511.jar
2b8e24bad000-2b8e24c3a000 r-xs 00000000 00:1a 5808295                    /opt/xilinx/Vivado_HLS/2012.3/Linux_x86_64/tools/eclipse/plugins/org.eclipse.ui.editors_3.7.0.v20110517-0800.jar
2b8e24c3a000-2b8e24c84000 r-xs 00000000 00:1a 14218232                   /opt/xilinx/Vivado_HLS/2012.3/Linux_x86_64/tools/eclipse/plugins/org.eclipse.ui.forms_3.5.100.v20110425.jar
2b8e24c84000-2b8e24cd0000 r-xs 00000000 00:1a 14218234                   /opt/xilinx/Vivado_HLS/2012.3/Linux_x86_64/tools/eclipse/plugins/org.eclipse.ui.intro_3.4.100.v20110425.jar
2b8e24cd0000-2b8e24cee000 r-xs 00000000 00:1a 14218235                   /opt/xilinx/Vivado_HLS/2012.3/Linux_x86_64/tools/eclipse/plugins/org.eclipse.ui.navigator.resources_3.4.300.I20110421-1800.jar
2b8e24cee000-2b8e24d05000 r-xs 00000000 00:1a 5808297                    /opt/xilinx/Vivado_HLS/2012.3/Linux_x86_64/tools/eclipse/plugins/org.eclipse.ui.views_3.6.0.I20110412-0800.jar
2b8e24d05000-2b8e24d1f000 r-xs 00000000 00:1a 5808296                    /opt/xilinx/Vivado_HLS/2012.3/Linux_x86_64/tools/eclipse/plugins/org.eclipse.ui.views.properties.tabbed_3.5.200.I20110201-0800.jar
2b8e24d1f000-2b8e24d28000 r-xs 00000000 00:1a 5808299                    /opt/xilinx/Vivado_HLS/2012.3/Linux_x86_64/tools/eclipse/plugins/org.w3c.css.sac_1.3.1.v200903091627.jar
2b8e24d28000-2b8e24d2c000 r-xs 00000000 00:1a 14218236                   /opt/xilinx/Vivado_HLS/2012.3/Linux_x86_64/tools/eclipse/plugins/org.w3c.dom.events_3.0.0.draft20060413_v201105210656.jar
2b8e24d2c000-2b8e24d31000 r-xs 00000000 00:1a 15757157                   /opt/xilinx/Vivado_HLS/2012.3/Linux_x86_64/tools/eclipse/plugins/org.w3c.dom.smil_1.0.1.v200903091627.jar
2b8e24d31000-2b8e24d47000 r-xs 00000000 00:1a 14218237                   /opt/xilinx/Vivado_HLS/2012.3/Linux_x86_64/tools/eclipse/plugins/org.w3c.dom.svg_1.1.0.v201011041433.jar
2b8e24d47000-2b8e24d59000 r-xs 00000000 00:1a 2244356                    /opt/xilinx/Vivado_HLS/2012.3/Linux_x86_64/tools/eclipse/plugins/org.eclipse.core.runtime_3.7.0.v20110110.jar
2b8e24d59000-2b8e24d5e000 r-xs 00000000 00:22 19079846                   /home/student/amc379/.vivado_hls/2012.3/.autopilotConfiguration2/org.eclipse.osgi/bundles/14/1/.cp/lib/winp-1.14.jar
2b8e24d5e000-2b8e24d79000 r-xs 00000000 00:1a 650808                     /opt/xilinx/Vivado_HLS/2012.3/Linux_x86_64/tools/eclipse/plugins/org.eclipse.core.commands_3.6.0.I20110111-0800.jar
2b8e24d79000-2b8e24d90000 r-xs 00000000 00:1a 2244355                    /opt/xilinx/Vivado_HLS/2012.3/Linux_x86_64/tools/eclipse/plugins/org.eclipse.core.jobs_3.5.100.v20110404.jar
2b8e24d90000-2b8e24d93000 ---p 2b8e24d90000 00:00 0 
2b8e24d93000-2b8e24e91000 rwxp 2b8e24d93000 00:00 0 
2b8e24e91000-2b8e24e94000 ---p 2b8e24e91000 00:00 0 
2b8e24e94000-2b8e24f92000 rwxp 2b8e24e94000 00:00 0 
2b8e24f92000-2b8e25058000 r-xs 00000000 00:1a 11399866                   /opt/xilinx/Vivado_HLS/2012.3/Linux_x86_64/tools/eclipse/plugins/org.eclipse.core.resources_3.7.100.v20110510-0712.jar
2b8e25058000-2b8e2506f000 r-xs 00000000 00:1a 5808300                    /opt/xilinx/Vivado_HLS/2012.3/Linux_x86_64/tools/eclipse/plugins/org.eclipse.core.contenttype_3.4.100.v20110423-0524.jar
2b8e2506f000-2b8e25072000 ---p 2b8e2506f000 00:00 0 
2b8e25072000-2b8e25170000 rwxp 2b8e25072000 00:00 0 
2b8e25170000-2b8e2528f000 r-xs 00000000 00:1a 11399858                   /opt/xilinx/Vivado_HLS/2012.3/Linux_x86_64/tools/eclipse/plugins/org.eclipse.cdt.managedbuilder.core_8.0.0.201106081058.jar
2b8e2528f000-2b8e25293000 r-xs 00000000 00:1a 650797                     /opt/xilinx/Vivado_HLS/2012.3/Linux_x86_64/tools/eclipse/plugins/org.eclipse.cdt.core.linux_5.2.0.201106081058.jar
2b8e25293000-2b8e25296000 r-xs 00000000 00:22 17200094                   /home/student/amc379/.vivado_hls/2012.3/.autopilotConfiguration2/org.eclipse.osgi/bundles/38/1/.cp/cdt_linux.jar
2b8e25296000-2b8e2529b000 r-xs 00000000 00:1a 650796                     /opt/xilinx/Vivado_HLS/2012.3/Linux_x86_64/tools/eclipse/plugins/org.eclipse.cdt.core.linux.x86_64_5.2.0.201106081058.jar
2b8e2529b000-2b8e25319000 r-xp 00000000 00:22 19330776                   /home/student/amc379/.vivado_hls/2012.3/.autopilotConfiguration2/org.eclipse.osgi/bundles/162/1/.cp/libswt-gtk-3735.so
2b8e25319000-2b8e25418000 ---p 0007e000 00:22 19330776                   /home/student/amc379/.vivado_hls/2012.3/.autopilotConfiguration2/org.eclipse.osgi/bundles/162/1/.cp/libswt-gtk-3735.so
2b8e25418000-2b8e2541f000 rwxp 0007d000 00:22 19330776                   /home/student/amc379/.vivado_hls/2012.3/.autopilotConfiguration2/org.eclipse.osgi/bundles/162/1/.cp/libswt-gtk-3735.so
2b8e2541f000-2b8e25422000 rwxp 2b8e2541f000 00:00 0 
2b8e25422000-2b8e25496000 r-xp 00000000 00:22 19330777                   /home/student/amc379/.vivado_hls/2012.3/.autopilotConfiguration2/org.eclipse.osgi/bundles/162/1/.cp/libswt-pi-gtk-3735.so
2b8e25496000-2b8e25595000 ---p 00074000 00:22 19330777                   /home/student/amc379/.vivado_hls/2012.3/.autopilotConfiguration2/org.eclipse.osgi/bundles/162/1/.cp/libswt-pi-gtk-3735.so
2b8e25595000-2b8e25598000 rwxp 00073000 00:22 19330777                   /home/student/amc379/.vivado_hls/2012.3/.autopilotConfiguration2/org.eclipse.osgi/bundles/162/1/.cp/libswt-pi-gtk-3735.so
2b8e25598000-2b8e2559a000 rwxp 2b8e25598000 00:00 0 
2b8e2559a000-2b8e255a1000 r-xs 00000000 fd:00 9669150                    /usr/lib64/gconv/gconv-modules.cache
2b8e255b6000-2b8e2563b000 r-xp 00000000 00:1a 16692474                   /opt/alttools/lib/libfreetype.so.6.7.2
2b8e2563b000-2b8e2583a000 ---p 00085000 00:1a 16692474                   /opt/alttools/lib/libfreetype.so.6.7.2
2b8e2583a000-2b8e25840000 rwxp 00084000 00:1a 16692474                   /opt/alttools/lib/libfreetype.so.6.7.2
2b8e25840000-2b8e2585c000 r-xs 00000000 00:1a 650810                     /opt/xilinx/Vivado_HLS/2012.3/Linux_x86_64/tools/eclipse/plugins/org.eclipse.core.filebuffers_3.5.200.v20110505-0800.jar
2b8e2585c000-2b8e258c3000 r-xs 00000000 00:1a 11328217                   /opt/xilinx/Vivado_HLS/2012.3/Linux_x86_64/tools/eclipse/plugins/org.eclipse.cdt.make.core_7.1.0.201106081058.jar
2b8e258c3000-2b8e258f8000 r-xs 00000000 00:1a 2244360                    /opt/xilinx/Vivado_HLS/2012.3/Linux_x86_64/tools/eclipse/plugins/org.eclipse.emf.common_2.7.0.v20110605-0747.jar
2b8e258f8000-2b8e2592f000 r-xs 00000000 00:1a 9236444                    /opt/xilinx/Vivado_HLS/2012.3/Linux_x86_64/tools/eclipse/plugins/com.autoesl.autopilot.ui.common_1.0.0.jar
2b8e2592f000-2b8e25932000 ---p 2b8e2592f000 00:00 0 
2b8e25932000-2b8e25a30000 rwxp 2b8e25932000 00:00 0 
2b8e25a30000-2b8e25a79000 r-xs 00000000 00:1a 11399862                   /opt/xilinx/Vivado_HLS/2012.3/Linux_x86_64/tools/eclipse/plugins/org.eclipse.core.databinding.observable_1.4.0.I20110222-0800.jar
2b8e25a79000-2b8e25a8f000 r-xs 00000000 00:1a 11131947                   /opt/xilinx/Vivado_HLS/2012.3/Linux_x86_64/tools/eclipse/plugins/org.eclipse.core.expressions_3.4.300.v20110228.jar
2b8e25a8f000-2b8e25a96000 r-xs 00000000 fd:00 6947105                    /var/cache/fontconfig/beeeeb3dfe132a8a0633a017c99ce0c0-x86-64.cache-2
2b8e25a96000-2b8e25aa1000 r-xs 00000000 fd:00 6947039                    /var/cache/fontconfig/e19de935dec46bbf3ed114ee4965548a-x86-64.cache-2
2b8e25aa1000-2b8e25aa4000 r-xs 00000000 fd:00 6946876                    /var/cache/fontconfig/e3ead4b767b8819993a6fa3ae306afa9-x86-64.cache-2
2b8e25aa4000-2b8e25abf000 r-xs 00000000 00:1a 650795                     /opt/xilinx/Vivado_HLS/2012.3/Linux_x86_64/tools/eclipse/plugins/org.eclipse.cdt.codan.ui_2.0.0.201106081058.jar
2b8e25ba3000-2b8e25bb8000 r-xs 00000000 00:1a 15757140                   /opt/xilinx/Vivado_HLS/2012.3/Linux_x86_64/tools/eclipse/plugins/org.eclipse.equinox.app_1.3.100.v20110321.jar
2b8e25bb8000-2b8e25bd2000 r-xs 00000000 00:1a 15056778                   /opt/xilinx/Vivado_HLS/2012.3/Linux_x86_64/tools/eclipse/plugins/org.eclipse.equinox.common_3.6.0.v20110523.jar
2b8e25bd2000-2b8e25c09000 r-xs 00000000 00:1a 15056774                   /opt/xilinx/Vivado_HLS/2012.3/Linux_x86_64/tools/eclipse/plugins/org.eclipse.emf.ecore.xmi_2.7.0.v20110520-1406.jar
2b8e25c82000-2b8e25ca2000 r-xs 00000000 00:1a 15056779                   /opt/xilinx/Vivado_HLS/2012.3/Linux_x86_64/tools/eclipse/plugins/org.eclipse.equinox.p2.repository_2.1.0.v20110601.jar
2b8e25ca2000-2b8e25cbe000 r-xs 00000000 00:1a 15056780                   /opt/xilinx/Vivado_HLS/2012.3/Linux_x86_64/tools/eclipse/plugins/org.eclipse.equinox.preferences_3.4.0.v20110502.jar
2b8e25cbe000-2b8e25cd8000 r-xs 00000000 00:1a 15757144                   /opt/xilinx/Vivado_HLS/2012.3/Linux_x86_64/tools/eclipse/plugins/org.eclipse.equinox.security_1.1.0.v20110502.jar
2b8e25cd8000-2b8e25da5000 r-xs 00000000 00:1a 15056781                   /opt/xilinx/Vivado_HLS/2012.3/Linux_x86_64/tools/eclipse/plugins/org.eclipse.gef_3.7.0.v20110407-2050.jar
2b8e25da5000-2b8e25dbf000 r-xs 00000000 00:1a 15757145                   /opt/xilinx/Vivado_HLS/2012.3/Linux_x86_64/tools/eclipse/plugins/org.eclipse.gmf.runtime.common.core_1.4.1.v20101119-2230.jar
2b8e25dbf000-2b8e25dfa000 r-xs 00000000 00:1a 2244369                    /opt/xilinx/Vivado_HLS/2012.3/Linux_x86_64/tools/eclipse/plugins/org.eclipse.gmf.runtime.common.ui_1.5.0.v20101221-2230.jar
2b8e25dfa000-2b8e25e11000 r-xs 00000000 00:1a 15056783                   /opt/xilinx/Vivado_HLS/2012.3/Linux_x86_64/tools/eclipse/plugins/org.eclipse.gmf.runtime.common.ui.action_1.5.0.v20110607-1200.jar
2b8e25e11000-2b8e25e19000 r-xs 00000000 00:1a 15056782                   /opt/xilinx/Vivado_HLS/2012.3/Linux_x86_64/tools/eclipse/plugins/org.eclipse.gmf.runtime.common.ui.action.ide_1.5.0.v20101221-2230.jar
2b8e25e19000-2b8e25e1c000 r-xs 00000000 00:1a 15056784                   /opt/xilinx/Vivado_HLS/2012.3/Linux_x86_64/tools/eclipse/plugins/org.eclipse.gmf.runtime.common.ui.printing_1.4.0.v20100223-2359.jar
2b8e25e1c000-2b8e25ed7000 r-xs 00000000 00:1a 2244367                    /opt/xilinx/Vivado_HLS/2012.3/Linux_x86_64/tools/eclipse/plugins/org.eclipse.gmf.runtime.common.ui.printing.win32_1.4.0.v20100223-2359.jar
2b8e25ed7000-2b8e25ede000 r-xs 00000000 fd:00 6947075                    /var/cache/fontconfig/7ddba6133ef499da58de5e8c586d3b75-x86-64.cache-2
2b8e25ede000-2b8e25ee2000 r-xs 00000000 fd:00 6947074                    /var/cache/fontconfig/b67b32625a2bb51b023d3814a918f351-x86-64.cache-2
2b8e25ee2000-2b8e25eea000 r-xs 00000000 fd:00 6947086                    /var/cache/fontconfig/b79f3aaa7d385a141ab53ec885cc22a8-x86-64.cache-2
2b8e25eea000-2b8e25eec000 r-xs 00000000 fd:00 6946877                    /var/cache/fontconfig/87f5e051180a7a75f16eb6fe7dbd3749-x86-64.cache-2
2b8e25ef2000-2b8e25ef5000 ---p 2b8e25ef2000 00:00 0 
2b8e25ef5000-2b8e25ff3000 rwxp 2b8e25ef5000 00:00 0 
2b8e25ff3000-2b8e26002000 r-xp 00000000 00:1a 4858119                    /opt/xilinx/Vivado_HLS/2012.3/Linux_x86_64/tools/eclipse/plugins/org.eclipse.equinox.launcher.gtk.linux.x86_64_1.1.100.v20110505/eclipse_1407.so
2b8e26002000-2b8e26101000 ---p 0000f000 00:1a 4858119                    /opt/xilinx/Vivado_HLS/2012.3/Linux_x86_64/tools/eclipse/plugins/org.eclipse.equinox.launcher.gtk.linux.x86_64_1.1.100.v20110505/eclipse_1407.so
2b8e26101000-2b8e26103000 rwxp 0000e000 00:1a 4858119                    /opt/xilinx/Vivado_HLS/2012.3/Linux_x86_64/tools/eclipse/plugins/org.eclipse.equinox.launcher.gtk.linux.x86_64_1.1.100.v20110505/eclipse_1407.so
2b8e26103000-2b8e26106000 r-xs 00000000 00:1a 12630179                   /opt/xilinx/Vivado_HLS/2012.3/Linux_x86_64/tools/eclipse/plugins/org.eclipse.core.runtime.compatibility.registry_3.5.0.v20110505/runtime_registry_compatibility.jar
2b8e26123000-2b8e26233000 r-xs 00000000 00:1a 15056789                   /opt/xilinx/Vivado_HLS/2012.3/Linux_x86_64/tools/eclipse/plugins/org.eclipse.gmf.runtime.diagram.ui_1.5.0.v20110309-2230.jar
2b8e26233000-2b8e2627b000 r-xs 00000000 00:1a 15757151                   /opt/xilinx/Vivado_HLS/2012.3/Linux_x86_64/tools/eclipse/plugins/org.eclipse.gmf.runtime.draw2d.ui_1.5.0.v20110505-2230.jar
2b8e2627b000-2b8e262a8000 r-xs 00000000 00:1a 14218218                   /opt/xilinx/Vivado_HLS/2012.3/Linux_x86_64/tools/eclipse/plugins/org.eclipse.gmf.runtime.draw2d.ui.render.awt_1.4.1.v20101222-2230.jar
2b8e262a8000-2b8e263bd000 r-xs 00000000 00:1a 14218227                   /opt/xilinx/Vivado_HLS/2012.3/Linux_x86_64/tools/eclipse/plugins/org.eclipse.ocl_3.1.0.v20110606-1427.jar
2b8e263bd000-2b8e26417000 r-xs 00000000 00:1a 14218226                   /opt/xilinx/Vivado_HLS/2012.3/Linux_x86_64/tools/eclipse/plugins/org.eclipse.ocl.ecore_3.1.0.v20110510-2118.jar
2b8e26417000-2b8e26676000 r-xs 00000000 00:1a 14218229                   /opt/xilinx/Vivado_HLS/2012.3/Linux_x86_64/tools/eclipse/plugins/org.eclipse.swt.gtk.linux.x86_64_3.7.0.v3735b.jar
2b8e26676000-2b8e266d7000 r-xs 00000000 00:1a 15757153                   /opt/xilinx/Vivado_HLS/2012.3/Linux_x86_64/tools/eclipse/plugins/org.eclipse.team.core_3.6.0.I20110525-0800.jar
2b8e266d7000-2b8e26837000 r-xs 00000000 00:1a 14218230                   /opt/xilinx/Vivado_HLS/2012.3/Linux_x86_64/tools/eclipse/plugins/org.eclipse.team.ui_3.6.100.I20110525-0800.jar
2b8e26837000-2b8e26a73000 r-xs 00000000 00:1a 14218233                   /opt/xilinx/Vivado_HLS/2012.3/Linux_x86_64/tools/eclipse/plugins/org.eclipse.ui.ide_3.7.0.I20110519-0100.jar
2b8e26a73000-2b8e26ad6000 r-xs 00000000 00:1a 15757154                   /opt/xilinx/Vivado_HLS/2012.3/Linux_x86_64/tools/eclipse/plugins/org.eclipse.ui.navigator_3.5.100.I20110524-0800.jar
2b8e26ad6000-2b8e26ecf000 r-xs 00000000 00:1a 15757155                   /opt/xilinx/Vivado_HLS/2012.3/Linux_x86_64/tools/eclipse/plugins/org.eclipse.ui.workbench_3.7.0.I20110519-0100.jar
2b8e26ecf000-2b8e26f5e000 r-xs 00000000 00:1a 5808298                    /opt/xilinx/Vivado_HLS/2012.3/Linux_x86_64/tools/eclipse/plugins/org.eclipse.ui.workbench.texteditor_3.7.0.v20110505-0800.jar
2b8e26f5e000-2b8e270ed000 r-xs 00000000 00:1a 650790                     /opt/xilinx/Vivado_HLS/2012.3/Linux_x86_64/tools/eclipse/plugins/com.autoesl.autopilot.ui.platform_1.0.0.jar
2b8e270ed000-2b8e2774f000 r-xs 00000000 00:1a 9236449                    /opt/xilinx/Vivado_HLS/2012.3/Linux_x86_64/tools/eclipse/plugins/com.ibm.icu_4.4.2.v20110208.jar
2b8e2774f000-2b8e27ba0000 r-xs 00000000 00:1a 650798                     /opt/xilinx/Vivado_HLS/2012.3/Linux_x86_64/tools/eclipse/plugins/org.eclipse.cdt.core_5.3.0.201106081058.jar
2b8e27ba0000-2b8e27bb6000 r-xp 00000000 00:1a 16448691                   /opt/alttools/lib/libz.so.1.2.7
2b8e27bb6000-2b8e27db5000 ---p 00016000 00:1a 16448691                   /opt/alttools/lib/libz.so.1.2.7
2b8e27db5000-2b8e27db6000 rwxp 00015000 00:1a 16448691                   /opt/alttools/lib/libz.so.1.2.7
2b8e27db6000-2b8e27db7000 r-xp 00000000 fd:00 9669373                    /usr/lib64/gconv/ISO8859-1.so
2b8e27db7000-2b8e27fb7000 ---p 00001000 fd:00 9669373                    /usr/lib64/gconv/ISO8859-1.so
2b8e27fb7000-2b8e27fb9000 rwxp 00001000 fd:00 9669373                    /usr/lib64/gconv/ISO8859-1.so
2b8e27fb9000-2b8e27fbc000 r-xp 00000000 00:22 19330778                   /home/student/amc379/.vivado_hls/2012.3/.autopilotConfiguration2/org.eclipse.osgi/bundles/162/1/.cp/libswt-gnome-gtk-3735.so
2b8e27fbc000-2b8e280bc000 ---p 00003000 00:22 19330778                   /home/student/amc379/.vivado_hls/2012.3/.autopilotConfiguration2/org.eclipse.osgi/bundles/162/1/.cp/libswt-gnome-gtk-3735.so
2b8e280bc000-2b8e280bd000 rwxp 00003000 00:22 19330778                   /home/student/amc379/.vivado_hls/2012.3/.autopilotConfiguration2/org.eclipse.osgi/bundles/162/1/.cp/libswt-gnome-gtk-3735.so
2b8e280bd000-2b8e28141000 r-xs 00000000 00:1a 15757160                   /opt/xilinx/Vivado_HLS/2012.3/Linux_x86_64/tools/eclipse/plugins/com.autoesl.autopilot.ui.models_1.0.0.jar
2b8e28193000-2b8e28196000 ---p 2b8e28193000 00:00 0 
2b8e28196000-2b8e28294000 rwxp 2b8e28196000 00:00 0 
2b8e28294000-2b8e282a5000 r-xp 00000000 fd:00 10061454                   /usr/lib64/gtk-2.0/2.10.0/engines/libclearlooks.so
2b8e282a5000-2b8e284a5000 ---p 00011000 fd:00 10061454                   /usr/lib64/gtk-2.0/2.10.0/engines/libclearlooks.so
2b8e284a5000-2b8e284a6000 rwxp 00011000 fd:00 10061454                   /usr/lib64/gtk-2.0/2.10.0/engines/libclearlooks.so
2b8e284b6000-2b8e284bb000 r-xp 00000000 fd:00 10060334                   /usr/lib64/gtk-2.0/2.10.0/loaders/libpixbufloader-gif.so
2b8e284bb000-2b8e286bb000 ---p 00005000 fd:00 10060334                   /usr/lib64/gtk-2.0/2.10.0/loaders/libpixbufloader-gif.so
2b8e286bb000-2b8e286bc000 rwxp 00005000 fd:00 10060334                   /usr/lib64/gtk-2.0/2.10.0/loaders/libpixbufloader-gif.so
2b8e286bc000-2b8e286c0000 r-xp 00000000 fd:00 10060336                   /usr/lib64/gtk-2.0/2.10.0/loaders/libpixbufloader-jpeg.so
2b8e286c0000-2b8e288bf000 ---p 00004000 fd:00 10060336                   /usr/lib64/gtk-2.0/2.10.0/loaders/libpixbufloader-jpeg.so
2b8e288bf000-2b8e288c0000 rwxp 00003000 fd:00 10060336                   /usr/lib64/gtk-2.0/2.10.0/loaders/libpixbufloader-jpeg.so
2b8e288c0000-2b8e288d5000 r-xp 00000000 fd:00 5833078                    /lib64/libselinux.so.1
2b8e288d5000-2b8e28ad5000 ---p 00015000 fd:00 5833078                    /lib64/libselinux.so.1
2b8e28ad5000-2b8e28ad7000 rwxp 00015000 fd:00 5833078                    /lib64/libselinux.so.1
2b8e28ad7000-2b8e28ad8000 rwxp 2b8e28ad7000 00:00 0 
2b8e28ad8000-2b8e28d4e000 r-xs 00000000 00:1a 11399867                   /opt/xilinx/Vivado_HLS/2012.3/Linux_x86_64/tools/eclipse/plugins/org.eclipse.debug.ui_3.7.0.v20110518.jar
2b8e28d4e000-2b8e28e53000 r-xs 00000000 00:1a 11131943                   /opt/xilinx/Vivado_HLS/2012.3/Linux_x86_64/tools/eclipse/plugins/org.eclipse.cdt.debug.ui_7.1.0.201106081058.jar
2b8e28e53000-2b8e2935b000 r-xs 00000000 00:1a 11399861                   /opt/xilinx/Vivado_HLS/2012.3/Linux_x86_64/tools/eclipse/plugins/org.eclipse.cdt.ui_5.3.0.201106081058.jar
2b8e2935b000-2b8e2946a000 r-xs 00000000 00:1a 2244362                    /opt/xilinx/Vivado_HLS/2012.3/Linux_x86_64/tools/eclipse/plugins/org.eclipse.emf.ecore_2.7.0.v20110605-0747.jar
2b8e2946a000-2b8e29477000 r-xs 00000000 00:1a 2244354                    /opt/xilinx/Vivado_HLS/2012.3/Linux_x86_64/tools/eclipse/plugins/org.eclipse.core.filesystem_1.3.100.v20110423-0524.jar
2b8e29477000-2b8e2947a000 r-xp 00000000 fd:00 10060043                   /usr/lib64/pango/1.5.0/modules/pango-basic-fc.so
2b8e2947a000-2b8e29679000 ---p 00003000 fd:00 10060043                   /usr/lib64/pango/1.5.0/modules/pango-basic-fc.so
2b8e29679000-2b8e2967a000 rwxp 00002000 fd:00 10060043                   /usr/lib64/pango/1.5.0/modules/pango-basic-fc.so
2b8e2967a000-2b8e296e7000 r-xp 00000000 fd:00 10420609                   /usr/share/fonts/dejavu-lgc/DejaVuLGCSans.ttf
2b8e296e7000-2b8e296f2000 r-xp 00000000 00:22 16238796                   /home/student/amc379/.vivado_hls/2012.3/.autopilotConfiguration2/org.eclipse.osgi/bundles/162/1/.cp/libswt-atk-gtk-3735.so
2b8e296f2000-2b8e297f2000 ---p 0000b000 00:22 16238796                   /home/student/amc379/.vivado_hls/2012.3/.autopilotConfiguration2/org.eclipse.osgi/bundles/162/1/.cp/libswt-atk-gtk-3735.so
2b8e297f2000-2b8e297f3000 rwxp 0000b000 00:22 16238796                   /home/student/amc379/.vivado_hls/2012.3/.autopilotConfiguration2/org.eclipse.osgi/bundles/162/1/.cp/libswt-atk-gtk-3735.so
2b8e2c000000-2b8e2c44f000 rwxp 2b8e2c000000 00:00 0 
2b8e2c44f000-2b8e30000000 ---p 2b8e2c44f000 00:00 0 
7fffcc402000-7fffcc405000 ---p 7fffcc402000 00:00 0 
7fffcc406000-7fffcc602000 rwxp 7fffffe02000 00:00 0                      [stack]
ffffffffff600000-ffffffffffe00000 ---p 00000000 00:00 0                  [vsyscall]

VM Arguments:
jvm_args: -Xms512m -Xmx1024m -XX:PermSize=128M -XX:MaxPermSize=256M -XX:+HeapDumpOnOutOfMemoryError
java_command: /opt/xilinx/Vivado_HLS/2012.3/Linux_x86_64/tools/eclipse/plugins/org.eclipse.equinox.launcher_1.2.0.v20110502.jar -configuration /home/student/amc379/.vivado_hls/2012.3/.autopilotConfiguration2 -showlocation -vm /opt/xilinx/Vivado_HLS/2012.3/Linux_x86_64/tools/jre/bin/java -clean -data /home/student/amc379/.vivado_hls/2012.3/.autopilot_workspace2 -perspective com.autoesl.autopilot.ui.platform.perspective -application com.autoesl.autopilot.ui.platform.application
Launcher Type: SUN_STANDARD

Environment Variables:
JRE_HOME=/opt/xilinx/Vivado_HLS/2012.3/Linux_x86_64/tools/jre
LD_LIBRARY_PATH=/opt/xilinx/Vivado_HLS/2012.3/Linux_x86_64/tools/jre/lib/amd64/server:/opt/xilinx/Vivado_HLS/2012.3/Linux_x86_64/tools/jre/lib/amd64:/opt/xilinx/Vivado_HLS/2012.3/Linux_x86_64/tools/jre/../lib/amd64:/opt/xilinx/Vivado_HLS/2012.3/Linux_x86_64/tools/graphviz/lib:/opt/xilinx/Vivado_HLS/2012.3/Linux_x86_64/bin:/opt/xilinx/Vivado_HLS/2012.3/Linux_x86_64/bin:/opt/xilinx/14.3/ISE_DS/ISE/lib/lin64:/opt/xilinx/14.3/ISE_DS/ISE/smartmodel/lin64/installed_lin64/lib:/opt/xilinx/14.3/ISE_DS/ISE/sysgen/lib:/opt/xilinx/14.3/ISE_DS/EDK/lib/lin64:/opt/xilinx/14.3/ISE_DS/common/lib/lin64:/opt/xilinx/14.6/ISE_DS/ISE/lib/lin64:/opt/xilinx/14.6/ISE_DS/ISE/smartmodel/lin64/installed_lin64/lib:/opt/xilinx/14.6/ISE_DS/ISE/sysgen/lib:/opt/xilinx/14.6/ISE_DS/EDK/lib/lin64:/opt/xilinx/14.6/ISE_DS/common/lib/lin64:/opt/alttools/lib:/classes/ece475/lib
SHELL=/bin/bash
DISPLAY=localhost:15.0
ARCH=x86_64

Signal Handlers:
SIGSEGV: [libjvm.so+0x661c00], sa_mask[0]=0x7ffbfeff, sa_flags=0x14000004
SIGBUS: [libjvm.so+0x661c00], sa_mask[0]=0x7ffbfeff, sa_flags=0x14000004
SIGFPE: [libjvm.so+0x568b50], sa_mask[0]=0x7ffbfeff, sa_flags=0x14000004
SIGPIPE: SIG_IGN, sa_mask[0]=0x00000000, sa_flags=0x04000000
SIGILL: [libjvm.so+0x568b50], sa_mask[0]=0x7ffbfeff, sa_flags=0x14000004
SIGUSR1: SIG_DFL, sa_mask[0]=0x00000000, sa_flags=0x00000000
SIGUSR2: [libjvm.so+0x56aa00], sa_mask[0]=0x00000000, sa_flags=0x14000004
SIGHUP: [libjvm.so+0x56a4d0], sa_mask[0]=0x7ffbfeff, sa_flags=0x14000004
SIGINT: [libjvm.so+0x56a4d0], sa_mask[0]=0x7ffbfeff, sa_flags=0x14000004
SIGQUIT: [libjvm.so+0x56a4d0], sa_mask[0]=0x7ffbfeff, sa_flags=0x14000004
SIGTERM: [libjvm.so+0x56a4d0], sa_mask[0]=0x7ffbfeff, sa_flags=0x14000004


---------------  S Y S T E M  ---------------

OS:Red Hat Enterprise Linux Server release 5.11 (Tikanga)

uname:Linux 2.6.18-371.8.1.el5 #1 SMP Fri Mar 28 05:53:58 EDT 2014 x86_64
libc:glibc 2.5 NPTL 2.5 
rlimit: STACK 10240k, CORE 0k, NPROC 128385, NOFILE 1024, AS infinity
load average:0.54 0.21 0.22

CPU:total 8 amd64 3dnow ht

Memory: 4k page, physical 16437036k(2991144k free), swap 2031608k(1939816k free)

vm_info: Java HotSpot(TM) 64-Bit Server VM (1.5.0_12-b04) for linux-amd64, built on May  2 2007 01:49:59 by java_re with gcc 3.2.2 (SuSE Linux)

