#-----------------------------------------------------------
# Vivado v2013.2 (64-bit)
# Build 272601 by xbuild on Sat Jun 15 11:11:11 MDT 2013
# Start of session at: Mon Dec  8 17:31:20 2014
# Process ID: 13135
# Log file: /home/student/amc379/ece5775/final_project/sw/seam/vivado.log
# Journal file: /home/student/amc379/ece5775/final_project/sw/seam/vivado.jou
#-----------------------------------------------------------
INFO: [Common 17-78] Attempting to get a license: Implementation
INFO: [Common 17-81] Feature available: Implementation
INFO: [Common 17-78] Attempting to get a license: Synthesis
INFO: [Common 17-81] Feature available: Synthesis
INFO: [Device 21-36] Loading parts and site information from /opt/xilinx/Vivado/2013.2/data/parts/arch.xml
Parsing RTL primitives file [/opt/xilinx/Vivado/2013.2/data/parts/xilinx/rtl/prims/rtl_prims.xml]
Finished parsing RTL primitives file [/opt/xilinx/Vivado/2013.2/data/parts/xilinx/rtl/prims/rtl_prims.xml]
INFO: [Common 17-362] Using Tcl App repository from '/opt/xilinx/Vivado/2013.2/data/XilinxTclStore'.
INFO: [Common 17-364] Updating Tcl app persistent manifest '/home/student/amc379/.Xilinx/Vivado/tclapp/manifest.tcl'
start_gui
source /home/student/amc379/ece5775/final_project/sw/seam/run.tcl
# set top_dir [file dirname [file dirname [pwd]]]
# set design_name [file tail [pwd]]
# catch {eval exec "uname -m"} machine_name
# catch {eval exec "uname -s"} kernel_name
# catch {eval exec "vivado_hls -r"} vivado_hls_home
# if {$machine_name == "x86_64" && $kernel_name == "Linux"} {
#     set arch x86_64_Linux
#     set gcc_lib $vivado_hls_home/Linux_x86_64/tools/gcc/lib64
#     set opencv_ver ""
# } elseif {$machine_name == "i686" && $kernel_name == "Linux"} {
#     set arch x86_Linux
#     set gcc_lib $vivado_hls_home/Linux_x86/tools/gcc/lib
#     set opencv_ver ""
# } else {
#     set arch x86_Windows
#     set gcc_lib $vivado_hls_home/msys/lib/gcc/mingw32/4.6.2
#     set opencv_ver "243"
# }
# set opencv_dir $top_dir/opencv_install/$arch
# set ::env(LD_LIBRARY_PATH) $opencv_dir/lib:$::env(LD_LIBRARY_PATH)
# set ::env(LD_LIBRARY_PATH) $gcc_lib:$::env(LD_LIBRARY_PATH)
# open_project prj -reset
ERROR: [Common 17-170] Unknown option '-reset', please type 'open_project -help' for usage info.

    while executing
"open_project prj -reset"
    (file "/home/student/amc379/ece5775/final_project/sw/seam/run.tcl" line 73)
exit
INFO: [Common 17-206] Exiting Vivado at Mon Dec  8 17:34:14 2014...
